mode: set
github.com/open-edge-platform/cli/internal/cli/amt.go:45.48,54.2 2 1
github.com/open-edge-platform/cli/internal/cli/amt.go:56.47,66.2 2 1
github.com/open-edge-platform/cli/internal/cli/amt.go:68.50,83.2 6 1
github.com/open-edge-platform/cli/internal/cli/amt.go:85.50,95.2 2 1
github.com/open-edge-platform/cli/internal/cli/amt.go:98.69,102.16 4 1
github.com/open-edge-platform/cli/internal/cli/amt.go:102.16,104.3 1 0
github.com/open-edge-platform/cli/internal/cli/amt.go:106.2,109.16 2 1
github.com/open-edge-platform/cli/internal/cli/amt.go:109.16,111.3 1 0
github.com/open-edge-platform/cli/internal/cli/amt.go:113.2,113.107 1 1
github.com/open-edge-platform/cli/internal/cli/amt.go:113.107,115.3 1 0
github.com/open-edge-platform/cli/internal/cli/amt.go:117.2,122.16 3 1
github.com/open-edge-platform/cli/internal/cli/amt.go:122.16,125.3 2 0
github.com/open-edge-platform/cli/internal/cli/amt.go:127.2,129.23 2 1
github.com/open-edge-platform/cli/internal/cli/amt.go:132.74,140.16 7 1
github.com/open-edge-platform/cli/internal/cli/amt.go:140.16,142.3 1 1
github.com/open-edge-platform/cli/internal/cli/amt.go:144.2,144.20 1 1
github.com/open-edge-platform/cli/internal/cli/amt.go:144.20,147.17 3 1
github.com/open-edge-platform/cli/internal/cli/amt.go:147.17,149.4 1 1
github.com/open-edge-platform/cli/internal/cli/amt.go:150.3,150.34 1 0
github.com/open-edge-platform/cli/internal/cli/amt.go:153.2,153.57 1 1
github.com/open-edge-platform/cli/internal/cli/amt.go:153.57,155.3 1 1
github.com/open-edge-platform/cli/internal/cli/amt.go:156.2,156.71 1 1
github.com/open-edge-platform/cli/internal/cli/amt.go:156.71,158.3 1 1
github.com/open-edge-platform/cli/internal/cli/amt.go:159.2,159.65 1 1
github.com/open-edge-platform/cli/internal/cli/amt.go:159.65,161.3 1 1
github.com/open-edge-platform/cli/internal/cli/amt.go:163.2,164.16 2 1
github.com/open-edge-platform/cli/internal/cli/amt.go:164.16,166.3 1 0
github.com/open-edge-platform/cli/internal/cli/amt.go:168.2,176.16 2 1
github.com/open-edge-platform/cli/internal/cli/amt.go:176.16,178.3 1 0
github.com/open-edge-platform/cli/internal/cli/amt.go:179.2,179.80 1 1
github.com/open-edge-platform/cli/internal/cli/amt.go:182.71,185.16 3 1
github.com/open-edge-platform/cli/internal/cli/amt.go:185.16,187.3 1 0
github.com/open-edge-platform/cli/internal/cli/amt.go:189.2,193.16 3 1
github.com/open-edge-platform/cli/internal/cli/amt.go:193.16,195.3 1 0
github.com/open-edge-platform/cli/internal/cli/amt.go:197.2,198.46 1 1
github.com/open-edge-platform/cli/internal/cli/amt.go:198.46,200.3 1 0
github.com/open-edge-platform/cli/internal/cli/amt.go:202.2,203.23 2 1
github.com/open-edge-platform/cli/internal/cli/amt.go:207.74,211.16 3 1
github.com/open-edge-platform/cli/internal/cli/amt.go:211.16,213.3 1 0
github.com/open-edge-platform/cli/internal/cli/amt.go:215.2,217.16 2 1
github.com/open-edge-platform/cli/internal/cli/amt.go:217.16,219.3 1 0
github.com/open-edge-platform/cli/internal/cli/amt.go:221.2,222.16 2 1
github.com/open-edge-platform/cli/internal/cli/amt.go:222.16,223.57 1 0
github.com/open-edge-platform/cli/internal/cli/amt.go:223.57,225.4 1 0
github.com/open-edge-platform/cli/internal/cli/amt.go:227.2,227.12 1 1
github.com/open-edge-platform/cli/internal/cli/amt.go:230.92,231.13 1 1
github.com/open-edge-platform/cli/internal/cli/amt.go:231.13,233.3 1 1
github.com/open-edge-platform/cli/internal/cli/amt.go:233.8,236.3 2 1
github.com/open-edge-platform/cli/internal/cli/amt.go:237.2,237.43 1 1
github.com/open-edge-platform/cli/internal/cli/amt.go:237.43,239.15 1 1
github.com/open-edge-platform/cli/internal/cli/amt.go:239.15,241.4 1 1
github.com/open-edge-platform/cli/internal/cli/amt.go:241.9,243.4 1 1
github.com/open-edge-platform/cli/internal/cli/amt.go:248.71,257.2 6 1
github.com/open-edge-platform/cli/internal/cli/amt.go:259.48,261.57 1 1
github.com/open-edge-platform/cli/internal/cli/amt.go:261.57,263.3 1 1
github.com/open-edge-platform/cli/internal/cli/amt.go:265.2,265.45 1 1
github.com/open-edge-platform/cli/internal/cli/amt.go:265.45,267.3 1 0
github.com/open-edge-platform/cli/internal/cli/amt.go:269.2,270.16 2 1
github.com/open-edge-platform/cli/internal/cli/amt.go:270.16,272.3 1 0
github.com/open-edge-platform/cli/internal/cli/amt.go:274.2,274.22 1 1
github.com/open-edge-platform/cli/internal/cli/application-reference.go:16.60,26.2 2 1
github.com/open-edge-platform/cli/internal/cli/application-reference.go:28.60,38.2 2 1
github.com/open-edge-platform/cli/internal/cli/application-reference.go:40.84,42.16 2 1
github.com/open-edge-platform/cli/internal/cli/application-reference.go:42.16,44.3 1 0
github.com/open-edge-platform/cli/internal/cli/application-reference.go:45.2,45.16 1 1
github.com/open-edge-platform/cli/internal/cli/application-reference.go:45.16,47.3 1 0
github.com/open-edge-platform/cli/internal/cli/application-reference.go:48.2,53.32 4 1
github.com/open-edge-platform/cli/internal/cli/application-reference.go:53.32,55.3 1 0
github.com/open-edge-platform/cli/internal/cli/application-reference.go:57.2,59.16 2 1
github.com/open-edge-platform/cli/internal/cli/application-reference.go:59.16,61.3 1 0
github.com/open-edge-platform/cli/internal/cli/application-reference.go:62.2,62.141 1 1
github.com/open-edge-platform/cli/internal/cli/application-reference.go:62.141,64.3 1 0
github.com/open-edge-platform/cli/internal/cli/application-reference.go:66.2,73.16 4 1
github.com/open-edge-platform/cli/internal/cli/application-reference.go:73.16,75.3 1 0
github.com/open-edge-platform/cli/internal/cli/application-reference.go:76.2,76.139 1 1
github.com/open-edge-platform/cli/internal/cli/application-reference.go:76.139,78.3 1 0
github.com/open-edge-platform/cli/internal/cli/application-reference.go:79.2,80.12 2 1
github.com/open-edge-platform/cli/internal/cli/application-reference.go:83.84,85.16 2 1
github.com/open-edge-platform/cli/internal/cli/application-reference.go:85.16,87.3 1 0
github.com/open-edge-platform/cli/internal/cli/application-reference.go:88.2,88.16 1 1
github.com/open-edge-platform/cli/internal/cli/application-reference.go:88.16,90.3 1 0
github.com/open-edge-platform/cli/internal/cli/application-reference.go:91.2,97.16 5 1
github.com/open-edge-platform/cli/internal/cli/application-reference.go:97.16,99.3 1 0
github.com/open-edge-platform/cli/internal/cli/application-reference.go:100.2,100.141 1 1
github.com/open-edge-platform/cli/internal/cli/application-reference.go:100.141,102.3 1 0
github.com/open-edge-platform/cli/internal/cli/application-reference.go:104.2,105.48 2 1
github.com/open-edge-platform/cli/internal/cli/application-reference.go:105.48,106.34 1 1
github.com/open-edge-platform/cli/internal/cli/application-reference.go:106.34,108.9 2 1
github.com/open-edge-platform/cli/internal/cli/application-reference.go:112.2,113.16 2 1
github.com/open-edge-platform/cli/internal/cli/application-reference.go:113.16,115.3 1 0
github.com/open-edge-platform/cli/internal/cli/application-reference.go:116.2,117.54 1 1
github.com/open-edge-platform/cli/internal/cli/application-reference.go:117.54,119.3 1 0
github.com/open-edge-platform/cli/internal/cli/application-reference.go:120.2,121.12 2 1
github.com/open-edge-platform/cli/internal/cli/application-reference.go:124.217,144.2 1 1
github.com/open-edge-platform/cli/internal/cli/application.go:38.51,54.2 8 1
github.com/open-edge-platform/cli/internal/cli/application.go:56.50,68.2 5 1
github.com/open-edge-platform/cli/internal/cli/application.go:70.48,81.2 3 1
github.com/open-edge-platform/cli/internal/cli/application.go:83.48,99.2 8 1
github.com/open-edge-platform/cli/internal/cli/application.go:101.51,111.2 2 1
github.com/open-edge-platform/cli/internal/cli/application.go:113.75,118.59 3 1
github.com/open-edge-platform/cli/internal/cli/application.go:118.59,120.3 1 0
github.com/open-edge-platform/cli/internal/cli/application.go:123.2,127.66 4 1
github.com/open-edge-platform/cli/internal/cli/application.go:127.66,129.3 1 0
github.com/open-edge-platform/cli/internal/cli/application.go:132.2,132.64 1 1
github.com/open-edge-platform/cli/internal/cli/application.go:132.64,134.3 1 0
github.com/open-edge-platform/cli/internal/cli/application.go:136.2,137.16 2 1
github.com/open-edge-platform/cli/internal/cli/application.go:137.16,139.3 1 0
github.com/open-edge-platform/cli/internal/cli/application.go:140.2,141.16 2 1
github.com/open-edge-platform/cli/internal/cli/application.go:141.16,143.3 1 0
github.com/open-edge-platform/cli/internal/cli/application.go:145.2,159.16 3 1
github.com/open-edge-platform/cli/internal/cli/application.go:159.16,161.3 1 0
github.com/open-edge-platform/cli/internal/cli/application.go:162.2,162.126 1 1
github.com/open-edge-platform/cli/internal/cli/application.go:162.126,164.3 1 0
github.com/open-edge-platform/cli/internal/cli/application.go:165.2,166.12 2 1
github.com/open-edge-platform/cli/internal/cli/application.go:169.64,170.17 1 1
github.com/open-edge-platform/cli/internal/cli/application.go:170.17,172.3 1 1
github.com/open-edge-platform/cli/internal/cli/application.go:173.2,173.15 1 1
github.com/open-edge-platform/cli/internal/cli/application.go:174.25,175.18 1 1
github.com/open-edge-platform/cli/internal/cli/application.go:176.24,177.17 1 0
github.com/open-edge-platform/cli/internal/cli/application.go:178.28,179.21 1 0
github.com/open-edge-platform/cli/internal/cli/application.go:181.2,181.17 1 0
github.com/open-edge-platform/cli/internal/cli/application.go:184.63,185.14 1 1
github.com/open-edge-platform/cli/internal/cli/application.go:186.16,187.27 1 1
github.com/open-edge-platform/cli/internal/cli/application.go:188.15,189.26 1 1
github.com/open-edge-platform/cli/internal/cli/application.go:190.19,191.30 1 1
github.com/open-edge-platform/cli/internal/cli/application.go:193.2,193.26 1 0
github.com/open-edge-platform/cli/internal/cli/application.go:196.94,200.2 3 1
github.com/open-edge-platform/cli/internal/cli/application.go:202.70,204.21 2 1
github.com/open-edge-platform/cli/internal/cli/application.go:204.21,206.3 1 1
github.com/open-edge-platform/cli/internal/cli/application.go:207.2,208.26 2 0
github.com/open-edge-platform/cli/internal/cli/application.go:208.26,210.3 1 0
github.com/open-edge-platform/cli/internal/cli/application.go:211.2,211.14 1 0
github.com/open-edge-platform/cli/internal/cli/application.go:214.83,215.13 1 1
github.com/open-edge-platform/cli/internal/cli/application.go:215.13,217.3 1 1
github.com/open-edge-platform/cli/internal/cli/application.go:219.2,219.104 1 1
github.com/open-edge-platform/cli/internal/cli/application.go:222.161,225.16 3 1
github.com/open-edge-platform/cli/internal/cli/application.go:225.16,227.3 1 1
github.com/open-edge-platform/cli/internal/cli/application.go:229.2,230.45 2 1
github.com/open-edge-platform/cli/internal/cli/application.go:230.45,232.3 1 0
github.com/open-edge-platform/cli/internal/cli/application.go:234.2,235.73 2 1
github.com/open-edge-platform/cli/internal/cli/application.go:235.73,237.3 1 0
github.com/open-edge-platform/cli/internal/cli/application.go:239.2,249.12 3 1
github.com/open-edge-platform/cli/internal/cli/application.go:252.71,255.16 3 1
github.com/open-edge-platform/cli/internal/cli/application.go:255.16,257.3 1 0
github.com/open-edge-platform/cli/internal/cli/application.go:259.2,262.27 4 1
github.com/open-edge-platform/cli/internal/cli/application.go:262.27,265.24 1 1
github.com/open-edge-platform/cli/internal/cli/application.go:265.24,268.18 3 1
github.com/open-edge-platform/cli/internal/cli/application.go:268.18,270.5 1 0
github.com/open-edge-platform/cli/internal/cli/application.go:272.3,272.19 1 1
github.com/open-edge-platform/cli/internal/cli/application.go:275.2,276.16 2 1
github.com/open-edge-platform/cli/internal/cli/application.go:276.16,278.3 1 0
github.com/open-edge-platform/cli/internal/cli/application.go:281.2,281.71 1 1
github.com/open-edge-platform/cli/internal/cli/application.go:281.71,290.17 2 0
github.com/open-edge-platform/cli/internal/cli/application.go:290.17,292.4 1 0
github.com/open-edge-platform/cli/internal/cli/application.go:293.3,294.44 1 0
github.com/open-edge-platform/cli/internal/cli/application.go:294.44,296.4 1 0
github.com/open-edge-platform/cli/internal/cli/application.go:297.3,298.123 2 0
github.com/open-edge-platform/cli/internal/cli/application.go:298.123,300.4 1 0
github.com/open-edge-platform/cli/internal/cli/application.go:301.3,301.24 1 0
github.com/open-edge-platform/cli/internal/cli/application.go:304.2,314.16 3 1
github.com/open-edge-platform/cli/internal/cli/application.go:314.16,316.3 1 0
github.com/open-edge-platform/cli/internal/cli/application.go:317.2,318.43 1 1
github.com/open-edge-platform/cli/internal/cli/application.go:318.43,320.3 1 0
github.com/open-edge-platform/cli/internal/cli/application.go:322.2,326.19 3 1
github.com/open-edge-platform/cli/internal/cli/application.go:326.19,328.3 1 1
github.com/open-edge-platform/cli/internal/cli/application.go:330.2,330.43 1 1
github.com/open-edge-platform/cli/internal/cli/application.go:330.43,331.20 1 0
github.com/open-edge-platform/cli/internal/cli/application.go:331.20,332.9 1 0
github.com/open-edge-platform/cli/internal/cli/application.go:335.3,344.17 3 0
github.com/open-edge-platform/cli/internal/cli/application.go:344.17,346.4 1 0
github.com/open-edge-platform/cli/internal/cli/application.go:347.3,348.44 1 0
github.com/open-edge-platform/cli/internal/cli/application.go:348.44,350.4 1 0
github.com/open-edge-platform/cli/internal/cli/application.go:352.3,352.42 1 0
github.com/open-edge-platform/cli/internal/cli/application.go:352.42,353.9 1 0
github.com/open-edge-platform/cli/internal/cli/application.go:355.3,355.74 1 0
github.com/open-edge-platform/cli/internal/cli/application.go:358.2,359.112 2 1
github.com/open-edge-platform/cli/internal/cli/application.go:359.112,361.3 1 1
github.com/open-edge-platform/cli/internal/cli/application.go:362.2,362.23 1 1
github.com/open-edge-platform/cli/internal/cli/application.go:365.72,368.16 3 1
github.com/open-edge-platform/cli/internal/cli/application.go:368.16,370.3 1 0
github.com/open-edge-platform/cli/internal/cli/application.go:372.2,374.20 3 1
github.com/open-edge-platform/cli/internal/cli/application.go:374.20,378.17 3 1
github.com/open-edge-platform/cli/internal/cli/application.go:378.17,380.4 1 0
github.com/open-edge-platform/cli/internal/cli/application.go:381.3,382.77 1 1
github.com/open-edge-platform/cli/internal/cli/application.go:382.77,384.4 1 0
github.com/open-edge-platform/cli/internal/cli/application.go:385.3,385.54 1 1
github.com/open-edge-platform/cli/internal/cli/application.go:386.8,389.17 2 1
github.com/open-edge-platform/cli/internal/cli/application.go:389.17,391.4 1 0
github.com/open-edge-platform/cli/internal/cli/application.go:392.3,393.74 1 1
github.com/open-edge-platform/cli/internal/cli/application.go:393.74,395.4 1 0
github.com/open-edge-platform/cli/internal/cli/application.go:396.3,397.24 2 1
github.com/open-edge-platform/cli/internal/cli/application.go:397.24,399.4 1 0
github.com/open-edge-platform/cli/internal/cli/application.go:401.2,401.84 1 1
github.com/open-edge-platform/cli/internal/cli/application.go:401.84,403.3 1 0
github.com/open-edge-platform/cli/internal/cli/application.go:404.2,404.23 1 1
github.com/open-edge-platform/cli/internal/cli/application.go:407.72,409.16 2 1
github.com/open-edge-platform/cli/internal/cli/application.go:409.16,411.3 1 0
github.com/open-edge-platform/cli/internal/cli/application.go:413.2,418.16 4 1
github.com/open-edge-platform/cli/internal/cli/application.go:418.16,420.3 1 0
github.com/open-edge-platform/cli/internal/cli/application.go:421.2,421.128 1 1
github.com/open-edge-platform/cli/internal/cli/application.go:421.128,423.3 1 0
github.com/open-edge-platform/cli/internal/cli/application.go:425.2,441.16 3 1
github.com/open-edge-platform/cli/internal/cli/application.go:441.16,443.3 1 0
github.com/open-edge-platform/cli/internal/cli/application.go:444.2,444.138 1 1
github.com/open-edge-platform/cli/internal/cli/application.go:444.138,446.3 1 0
github.com/open-edge-platform/cli/internal/cli/application.go:447.2,448.12 2 1
github.com/open-edge-platform/cli/internal/cli/application.go:451.75,453.16 2 1
github.com/open-edge-platform/cli/internal/cli/application.go:453.16,455.3 1 0
github.com/open-edge-platform/cli/internal/cli/application.go:457.2,460.20 2 1
github.com/open-edge-platform/cli/internal/cli/application.go:460.20,464.17 3 1
github.com/open-edge-platform/cli/internal/cli/application.go:464.17,466.4 1 0
github.com/open-edge-platform/cli/internal/cli/application.go:467.3,467.127 1 1
github.com/open-edge-platform/cli/internal/cli/application.go:467.127,469.4 1 0
github.com/open-edge-platform/cli/internal/cli/application.go:470.3,472.17 2 1
github.com/open-edge-platform/cli/internal/cli/application.go:472.17,474.4 1 1
github.com/open-edge-platform/cli/internal/cli/application.go:475.3,475.145 1 1
github.com/open-edge-platform/cli/internal/cli/application.go:475.145,477.4 1 0
github.com/open-edge-platform/cli/internal/cli/application.go:478.3,479.13 2 1
github.com/open-edge-platform/cli/internal/cli/application.go:483.2,485.16 2 1
github.com/open-edge-platform/cli/internal/cli/application.go:485.16,487.3 1 0
github.com/open-edge-platform/cli/internal/cli/application.go:488.2,488.127 1 1
github.com/open-edge-platform/cli/internal/cli/application.go:488.127,490.3 1 0
github.com/open-edge-platform/cli/internal/cli/application.go:491.2,491.40 1 1
github.com/open-edge-platform/cli/internal/cli/application.go:491.40,493.3 1 0
github.com/open-edge-platform/cli/internal/cli/application.go:495.2,495.47 1 1
github.com/open-edge-platform/cli/internal/cli/application.go:495.47,498.17 2 1
github.com/open-edge-platform/cli/internal/cli/application.go:498.17,500.4 1 0
github.com/open-edge-platform/cli/internal/cli/application.go:501.3,501.153 1 1
github.com/open-edge-platform/cli/internal/cli/application.go:501.153,503.4 1 0
github.com/open-edge-platform/cli/internal/cli/application.go:505.2,506.12 2 1
github.com/open-edge-platform/cli/internal/cli/application.go:509.92,511.55 2 1
github.com/open-edge-platform/cli/internal/cli/application.go:511.55,513.3 1 0
github.com/open-edge-platform/cli/internal/cli/application.go:514.2,514.14 1 1
github.com/open-edge-platform/cli/internal/cli/application.go:514.14,518.3 1 1
github.com/open-edge-platform/cli/internal/cli/application.go:518.8,529.29 11 0
github.com/open-edge-platform/cli/internal/cli/application.go:529.29,531.4 1 0
github.com/open-edge-platform/cli/internal/cli/application.go:532.3,534.29 3 0
github.com/open-edge-platform/cli/internal/cli/application.go:534.29,536.4 1 0
github.com/open-edge-platform/cli/internal/cli/application.go:537.3,539.27 3 0
github.com/open-edge-platform/cli/internal/cli/application.go:539.27,541.37 2 0
github.com/open-edge-platform/cli/internal/cli/application.go:541.37,543.5 1 0
github.com/open-edge-platform/cli/internal/cli/application.go:545.3,546.94 2 0
github.com/open-edge-platform/cli/internal/cli/application.go:548.2,548.12 1 1
github.com/open-edge-platform/cli/internal/cli/artifact.go:27.48,41.2 6 1
github.com/open-edge-platform/cli/internal/cli/artifact.go:43.47,54.2 4 1
github.com/open-edge-platform/cli/internal/cli/artifact.go:56.45,67.2 3 1
github.com/open-edge-platform/cli/internal/cli/artifact.go:69.45,82.2 5 1
github.com/open-edge-platform/cli/internal/cli/artifact.go:84.48,94.2 2 1
github.com/open-edge-platform/cli/internal/cli/artifact.go:96.80,97.13 1 1
github.com/open-edge-platform/cli/internal/cli/artifact.go:97.13,99.3 1 1
github.com/open-edge-platform/cli/internal/cli/artifact.go:101.2,101.98 1 1
github.com/open-edge-platform/cli/internal/cli/artifact.go:104.160,107.16 3 1
github.com/open-edge-platform/cli/internal/cli/artifact.go:107.16,109.3 1 1
github.com/open-edge-platform/cli/internal/cli/artifact.go:111.2,112.45 2 1
github.com/open-edge-platform/cli/internal/cli/artifact.go:112.45,114.3 1 0
github.com/open-edge-platform/cli/internal/cli/artifact.go:116.2,117.73 2 1
github.com/open-edge-platform/cli/internal/cli/artifact.go:117.73,119.3 1 0
github.com/open-edge-platform/cli/internal/cli/artifact.go:121.2,131.12 3 1
github.com/open-edge-platform/cli/internal/cli/artifact.go:134.72,136.16 2 1
github.com/open-edge-platform/cli/internal/cli/artifact.go:136.16,138.3 1 0
github.com/open-edge-platform/cli/internal/cli/artifact.go:139.2,140.16 2 1
github.com/open-edge-platform/cli/internal/cli/artifact.go:140.16,142.3 1 0
github.com/open-edge-platform/cli/internal/cli/artifact.go:144.2,146.16 3 1
github.com/open-edge-platform/cli/internal/cli/artifact.go:146.16,148.3 1 0
github.com/open-edge-platform/cli/internal/cli/artifact.go:150.2,158.16 2 1
github.com/open-edge-platform/cli/internal/cli/artifact.go:158.16,160.3 1 0
github.com/open-edge-platform/cli/internal/cli/artifact.go:161.2,161.123 1 1
github.com/open-edge-platform/cli/internal/cli/artifact.go:161.123,163.3 1 0
github.com/open-edge-platform/cli/internal/cli/artifact.go:164.2,165.12 2 1
github.com/open-edge-platform/cli/internal/cli/artifact.go:168.68,171.16 3 1
github.com/open-edge-platform/cli/internal/cli/artifact.go:171.16,173.3 1 0
github.com/open-edge-platform/cli/internal/cli/artifact.go:175.2,178.27 4 1
github.com/open-edge-platform/cli/internal/cli/artifact.go:178.27,181.24 1 1
github.com/open-edge-platform/cli/internal/cli/artifact.go:181.24,184.18 3 1
github.com/open-edge-platform/cli/internal/cli/artifact.go:184.18,186.5 1 0
github.com/open-edge-platform/cli/internal/cli/artifact.go:188.3,188.19 1 1
github.com/open-edge-platform/cli/internal/cli/artifact.go:191.2,192.16 2 1
github.com/open-edge-platform/cli/internal/cli/artifact.go:192.16,194.3 1 0
github.com/open-edge-platform/cli/internal/cli/artifact.go:197.2,197.71 1 1
github.com/open-edge-platform/cli/internal/cli/artifact.go:197.71,205.17 2 0
github.com/open-edge-platform/cli/internal/cli/artifact.go:205.17,207.4 1 0
github.com/open-edge-platform/cli/internal/cli/artifact.go:208.3,209.41 1 0
github.com/open-edge-platform/cli/internal/cli/artifact.go:209.41,211.4 1 0
github.com/open-edge-platform/cli/internal/cli/artifact.go:212.3,213.117 2 0
github.com/open-edge-platform/cli/internal/cli/artifact.go:213.117,215.4 1 0
github.com/open-edge-platform/cli/internal/cli/artifact.go:216.3,216.24 1 0
github.com/open-edge-platform/cli/internal/cli/artifact.go:219.2,228.16 3 1
github.com/open-edge-platform/cli/internal/cli/artifact.go:228.16,230.3 1 0
github.com/open-edge-platform/cli/internal/cli/artifact.go:231.2,232.40 1 1
github.com/open-edge-platform/cli/internal/cli/artifact.go:232.40,234.3 1 0
github.com/open-edge-platform/cli/internal/cli/artifact.go:236.2,240.19 3 1
github.com/open-edge-platform/cli/internal/cli/artifact.go:240.19,242.3 1 1
github.com/open-edge-platform/cli/internal/cli/artifact.go:244.2,244.40 1 1
github.com/open-edge-platform/cli/internal/cli/artifact.go:244.40,245.20 1 0
github.com/open-edge-platform/cli/internal/cli/artifact.go:245.20,246.9 1 0
github.com/open-edge-platform/cli/internal/cli/artifact.go:249.3,257.17 3 0
github.com/open-edge-platform/cli/internal/cli/artifact.go:257.17,259.4 1 0
github.com/open-edge-platform/cli/internal/cli/artifact.go:260.3,261.41 1 0
github.com/open-edge-platform/cli/internal/cli/artifact.go:261.41,263.4 1 0
github.com/open-edge-platform/cli/internal/cli/artifact.go:265.3,265.39 1 0
github.com/open-edge-platform/cli/internal/cli/artifact.go:265.39,266.9 1 0
github.com/open-edge-platform/cli/internal/cli/artifact.go:268.3,268.65 1 0
github.com/open-edge-platform/cli/internal/cli/artifact.go:271.2,272.106 2 1
github.com/open-edge-platform/cli/internal/cli/artifact.go:272.106,274.3 1 1
github.com/open-edge-platform/cli/internal/cli/artifact.go:275.2,275.23 1 1
github.com/open-edge-platform/cli/internal/cli/artifact.go:278.69,281.16 3 1
github.com/open-edge-platform/cli/internal/cli/artifact.go:281.16,283.3 1 0
github.com/open-edge-platform/cli/internal/cli/artifact.go:285.2,287.16 3 1
github.com/open-edge-platform/cli/internal/cli/artifact.go:287.16,289.3 1 0
github.com/open-edge-platform/cli/internal/cli/artifact.go:290.2,291.61 1 1
github.com/open-edge-platform/cli/internal/cli/artifact.go:291.61,293.3 1 0
github.com/open-edge-platform/cli/internal/cli/artifact.go:294.2,294.123 1 1
github.com/open-edge-platform/cli/internal/cli/artifact.go:294.123,296.3 1 0
github.com/open-edge-platform/cli/internal/cli/artifact.go:297.2,297.23 1 1
github.com/open-edge-platform/cli/internal/cli/artifact.go:300.69,302.16 2 1
github.com/open-edge-platform/cli/internal/cli/artifact.go:302.16,304.3 1 0
github.com/open-edge-platform/cli/internal/cli/artifact.go:306.2,308.16 3 1
github.com/open-edge-platform/cli/internal/cli/artifact.go:308.16,310.3 1 0
github.com/open-edge-platform/cli/internal/cli/artifact.go:311.2,311.113 1 1
github.com/open-edge-platform/cli/internal/cli/artifact.go:311.113,313.3 1 0
github.com/open-edge-platform/cli/internal/cli/artifact.go:315.2,320.30 4 1
github.com/open-edge-platform/cli/internal/cli/artifact.go:320.30,322.17 2 0
github.com/open-edge-platform/cli/internal/cli/artifact.go:322.17,324.4 1 0
github.com/open-edge-platform/cli/internal/cli/artifact.go:327.2,335.16 2 1
github.com/open-edge-platform/cli/internal/cli/artifact.go:335.16,337.3 1 0
github.com/open-edge-platform/cli/internal/cli/artifact.go:338.2,338.123 1 1
github.com/open-edge-platform/cli/internal/cli/artifact.go:338.123,340.3 1 0
github.com/open-edge-platform/cli/internal/cli/artifact.go:341.2,342.12 2 1
github.com/open-edge-platform/cli/internal/cli/artifact.go:345.72,347.16 2 1
github.com/open-edge-platform/cli/internal/cli/artifact.go:347.16,349.3 1 0
github.com/open-edge-platform/cli/internal/cli/artifact.go:351.2,353.16 3 1
github.com/open-edge-platform/cli/internal/cli/artifact.go:353.16,355.3 1 0
github.com/open-edge-platform/cli/internal/cli/artifact.go:356.2,356.113 1 1
github.com/open-edge-platform/cli/internal/cli/artifact.go:356.113,358.3 1 0
github.com/open-edge-platform/cli/internal/cli/artifact.go:360.2,361.16 2 1
github.com/open-edge-platform/cli/internal/cli/artifact.go:361.16,363.3 1 0
github.com/open-edge-platform/cli/internal/cli/artifact.go:364.2,364.117 1 1
github.com/open-edge-platform/cli/internal/cli/artifact.go:364.117,366.3 1 0
github.com/open-edge-platform/cli/internal/cli/artifact.go:367.2,368.12 2 1
github.com/open-edge-platform/cli/internal/cli/artifact.go:371.89,373.55 2 1
github.com/open-edge-platform/cli/internal/cli/artifact.go:373.55,375.3 1 0
github.com/open-edge-platform/cli/internal/cli/artifact.go:376.2,376.14 1 1
github.com/open-edge-platform/cli/internal/cli/artifact.go:376.14,378.3 1 1
github.com/open-edge-platform/cli/internal/cli/artifact.go:378.8,383.3 4 0
github.com/open-edge-platform/cli/internal/cli/artifact.go:384.2,384.12 1 1
github.com/open-edge-platform/cli/internal/cli/charts.go:18.44,29.2 2 1
github.com/open-edge-platform/cli/internal/cli/charts.go:31.57,33.16 2 1
github.com/open-edge-platform/cli/internal/cli/charts.go:33.16,35.3 1 0
github.com/open-edge-platform/cli/internal/cli/charts.go:37.2,38.16 2 1
github.com/open-edge-platform/cli/internal/cli/charts.go:38.16,40.3 1 0
github.com/open-edge-platform/cli/internal/cli/charts.go:42.2,45.19 3 1
github.com/open-edge-platform/cli/internal/cli/charts.go:45.19,47.3 1 0
github.com/open-edge-platform/cli/internal/cli/charts.go:49.2,50.16 2 1
github.com/open-edge-platform/cli/internal/cli/charts.go:50.16,52.3 1 1
github.com/open-edge-platform/cli/internal/cli/charts.go:54.2,56.12 3 0
github.com/open-edge-platform/cli/internal/cli/charts.go:59.53,64.51 5 1
github.com/open-edge-platform/cli/internal/cli/charts.go:64.51,66.3 1 0
github.com/open-edge-platform/cli/internal/cli/charts.go:68.2,70.16 3 1
github.com/open-edge-platform/cli/internal/cli/charts.go:70.16,72.3 1 0
github.com/open-edge-platform/cli/internal/cli/charts.go:72.8,72.35 1 1
github.com/open-edge-platform/cli/internal/cli/charts.go:72.35,74.3 1 0
github.com/open-edge-platform/cli/internal/cli/charts.go:74.8,74.35 1 1
github.com/open-edge-platform/cli/internal/cli/charts.go:74.35,76.3 1 1
github.com/open-edge-platform/cli/internal/cli/charts.go:77.2,77.30 1 0
github.com/open-edge-platform/cli/internal/cli/cluster.go:31.47,45.2 6 1
github.com/open-edge-platform/cli/internal/cli/cluster.go:47.44,57.2 2 1
github.com/open-edge-platform/cli/internal/cli/cluster.go:59.45,69.2 3 1
github.com/open-edge-platform/cli/internal/cli/cluster.go:71.47,82.2 3 1
github.com/open-edge-platform/cli/internal/cli/cluster.go:84.71,86.16 2 1
github.com/open-edge-platform/cli/internal/cli/cluster.go:86.16,88.3 1 0
github.com/open-edge-platform/cli/internal/cli/cluster.go:89.2,90.16 2 1
github.com/open-edge-platform/cli/internal/cli/cluster.go:90.16,92.3 1 0
github.com/open-edge-platform/cli/internal/cli/cluster.go:94.2,101.16 4 1
github.com/open-edge-platform/cli/internal/cli/cluster.go:101.16,103.3 1 0
github.com/open-edge-platform/cli/internal/cli/cluster.go:105.2,106.33 2 1
github.com/open-edge-platform/cli/internal/cli/cluster.go:106.33,108.22 2 1
github.com/open-edge-platform/cli/internal/cli/cluster.go:108.22,110.4 1 0
github.com/open-edge-platform/cli/internal/cli/cluster.go:111.3,114.5 1 1
github.com/open-edge-platform/cli/internal/cli/cluster.go:117.2,120.16 3 1
github.com/open-edge-platform/cli/internal/cli/cluster.go:120.16,122.3 1 0
github.com/open-edge-platform/cli/internal/cli/cluster.go:124.2,124.20 1 1
github.com/open-edge-platform/cli/internal/cli/cluster.go:124.20,126.3 1 0
github.com/open-edge-platform/cli/internal/cli/cluster.go:128.2,129.16 2 1
github.com/open-edge-platform/cli/internal/cli/cluster.go:129.16,131.3 1 0
github.com/open-edge-platform/cli/internal/cli/cluster.go:132.2,134.13 2 1
github.com/open-edge-platform/cli/internal/cli/cluster.go:134.13,137.21 3 1
github.com/open-edge-platform/cli/internal/cli/cluster.go:137.21,139.4 1 0
github.com/open-edge-platform/cli/internal/cli/cluster.go:140.3,140.21 1 1
github.com/open-edge-platform/cli/internal/cli/cluster.go:140.21,142.4 1 1
github.com/open-edge-platform/cli/internal/cli/cluster.go:143.3,143.56 1 1
github.com/open-edge-platform/cli/internal/cli/cluster.go:143.56,145.4 1 0
github.com/open-edge-platform/cli/internal/cli/cluster.go:148.2,149.16 2 1
github.com/open-edge-platform/cli/internal/cli/cluster.go:149.16,151.3 1 0
github.com/open-edge-platform/cli/internal/cli/cluster.go:153.2,153.13 1 1
github.com/open-edge-platform/cli/internal/cli/cluster.go:153.13,154.26 1 1
github.com/open-edge-platform/cli/internal/cli/cluster.go:154.26,156.4 1 1
github.com/open-edge-platform/cli/internal/cli/cluster.go:156.9,156.30 1 0
github.com/open-edge-platform/cli/internal/cli/cluster.go:156.30,158.4 1 0
github.com/open-edge-platform/cli/internal/cli/cluster.go:161.2,161.25 1 1
github.com/open-edge-platform/cli/internal/cli/cluster.go:161.25,164.3 2 1
github.com/open-edge-platform/cli/internal/cli/cluster.go:165.2,165.107 1 0
github.com/open-edge-platform/cli/internal/cli/cluster.go:168.68,170.16 2 1
github.com/open-edge-platform/cli/internal/cli/cluster.go:170.16,172.3 1 0
github.com/open-edge-platform/cli/internal/cli/cluster.go:174.2,177.16 3 1
github.com/open-edge-platform/cli/internal/cli/cluster.go:177.16,179.3 1 1
github.com/open-edge-platform/cli/internal/cli/cluster.go:181.2,186.26 6 1
github.com/open-edge-platform/cli/internal/cli/cluster.go:186.26,187.39 1 1
github.com/open-edge-platform/cli/internal/cli/cluster.go:187.39,189.22 2 1
github.com/open-edge-platform/cli/internal/cli/cluster.go:189.22,191.5 1 1
github.com/open-edge-platform/cli/internal/cli/cluster.go:192.4,193.24 2 1
github.com/open-edge-platform/cli/internal/cli/cluster.go:193.24,195.5 1 1
github.com/open-edge-platform/cli/internal/cli/cluster.go:196.4,196.48 1 1
github.com/open-edge-platform/cli/internal/cli/cluster.go:199.2,203.76 4 1
github.com/open-edge-platform/cli/internal/cli/cluster.go:203.76,205.3 1 1
github.com/open-edge-platform/cli/internal/cli/cluster.go:206.2,209.76 3 1
github.com/open-edge-platform/cli/internal/cli/cluster.go:209.76,211.3 1 1
github.com/open-edge-platform/cli/internal/cli/cluster.go:212.2,215.82 3 1
github.com/open-edge-platform/cli/internal/cli/cluster.go:215.82,217.3 1 1
github.com/open-edge-platform/cli/internal/cli/cluster.go:218.2,221.86 3 1
github.com/open-edge-platform/cli/internal/cli/cluster.go:221.86,223.3 1 1
github.com/open-edge-platform/cli/internal/cli/cluster.go:224.2,227.68 3 1
github.com/open-edge-platform/cli/internal/cli/cluster.go:227.68,229.3 1 1
github.com/open-edge-platform/cli/internal/cli/cluster.go:230.2,232.27 2 1
github.com/open-edge-platform/cli/internal/cli/cluster.go:232.27,234.43 2 1
github.com/open-edge-platform/cli/internal/cli/cluster.go:234.43,236.4 1 1
github.com/open-edge-platform/cli/internal/cli/cluster.go:237.8,239.3 1 0
github.com/open-edge-platform/cli/internal/cli/cluster.go:240.2,240.12 1 1
github.com/open-edge-platform/cli/internal/cli/cluster.go:243.66,245.16 2 1
github.com/open-edge-platform/cli/internal/cli/cluster.go:245.16,247.3 1 0
github.com/open-edge-platform/cli/internal/cli/cluster.go:248.2,249.16 2 1
github.com/open-edge-platform/cli/internal/cli/cluster.go:249.16,251.3 1 0
github.com/open-edge-platform/cli/internal/cli/cluster.go:253.2,254.16 2 1
github.com/open-edge-platform/cli/internal/cli/cluster.go:254.16,256.3 1 0
github.com/open-edge-platform/cli/internal/cli/cluster.go:258.2,262.6 4 1
github.com/open-edge-platform/cli/internal/cli/cluster.go:262.6,267.14 2 1
github.com/open-edge-platform/cli/internal/cli/cluster.go:267.14,269.4 1 1
github.com/open-edge-platform/cli/internal/cli/cluster.go:271.3,272.17 2 1
github.com/open-edge-platform/cli/internal/cli/cluster.go:272.17,274.4 1 0
github.com/open-edge-platform/cli/internal/cli/cluster.go:275.3,275.26 1 1
github.com/open-edge-platform/cli/internal/cli/cluster.go:275.26,277.4 1 0
github.com/open-edge-platform/cli/internal/cli/cluster.go:278.3,278.14 1 1
github.com/open-edge-platform/cli/internal/cli/cluster.go:278.14,280.4 1 1
github.com/open-edge-platform/cli/internal/cli/cluster.go:282.3,283.45 2 1
github.com/open-edge-platform/cli/internal/cli/cluster.go:283.45,284.9 1 1
github.com/open-edge-platform/cli/internal/cli/cluster.go:286.3,286.21 1 0
github.com/open-edge-platform/cli/internal/cli/cluster.go:289.2,292.35 4 1
github.com/open-edge-platform/cli/internal/cli/cluster.go:292.35,293.40 1 1
github.com/open-edge-platform/cli/internal/cli/cluster.go:293.40,294.12 1 1
github.com/open-edge-platform/cli/internal/cli/cluster.go:296.3,297.78 2 1
github.com/open-edge-platform/cli/internal/cli/cluster.go:299.2,299.14 1 1
github.com/open-edge-platform/cli/internal/cli/cluster.go:299.14,301.3 1 1
github.com/open-edge-platform/cli/internal/cli/cluster.go:302.2,303.12 2 1
github.com/open-edge-platform/cli/internal/cli/cluster.go:306.51,307.102 1 1
github.com/open-edge-platform/cli/internal/cli/cluster.go:307.102,309.3 1 0
github.com/open-edge-platform/cli/internal/cli/cluster.go:310.2,310.102 1 1
github.com/open-edge-platform/cli/internal/cli/cluster.go:310.102,312.3 1 0
github.com/open-edge-platform/cli/internal/cli/cluster.go:313.2,313.108 1 1
github.com/open-edge-platform/cli/internal/cli/cluster.go:313.108,315.3 1 0
github.com/open-edge-platform/cli/internal/cli/cluster.go:316.2,316.112 1 1
github.com/open-edge-platform/cli/internal/cli/cluster.go:316.112,318.3 1 0
github.com/open-edge-platform/cli/internal/cli/cluster.go:319.2,319.94 1 1
github.com/open-edge-platform/cli/internal/cli/cluster.go:319.94,321.3 1 0
github.com/open-edge-platform/cli/internal/cli/cluster.go:323.2,323.13 1 1
github.com/open-edge-platform/cli/internal/cli/cluster.go:326.54,327.102 1 1
github.com/open-edge-platform/cli/internal/cli/cluster.go:327.102,329.3 1 0
github.com/open-edge-platform/cli/internal/cli/cluster.go:330.2,330.108 1 1
github.com/open-edge-platform/cli/internal/cli/cluster.go:330.108,332.3 1 0
github.com/open-edge-platform/cli/internal/cli/cluster.go:333.2,333.112 1 1
github.com/open-edge-platform/cli/internal/cli/cluster.go:333.112,335.3 1 0
github.com/open-edge-platform/cli/internal/cli/cluster.go:336.2,336.94 1 1
github.com/open-edge-platform/cli/internal/cli/cluster.go:336.94,338.3 1 0
github.com/open-edge-platform/cli/internal/cli/cluster.go:339.2,339.102 1 1
github.com/open-edge-platform/cli/internal/cli/cluster.go:339.102,341.3 1 0
github.com/open-edge-platform/cli/internal/cli/cluster.go:342.2,342.17 1 1
github.com/open-edge-platform/cli/internal/cli/cluster.go:345.71,347.16 2 1
github.com/open-edge-platform/cli/internal/cli/cluster.go:347.16,349.3 1 0
github.com/open-edge-platform/cli/internal/cli/cluster.go:351.2,352.16 2 1
github.com/open-edge-platform/cli/internal/cli/cluster.go:352.16,354.3 1 0
github.com/open-edge-platform/cli/internal/cli/cluster.go:356.2,359.11 3 1
github.com/open-edge-platform/cli/internal/cli/cluster.go:359.11,361.17 2 1
github.com/open-edge-platform/cli/internal/cli/cluster.go:361.17,363.4 1 0
github.com/open-edge-platform/cli/internal/cli/cluster.go:364.3,365.17 2 1
github.com/open-edge-platform/cli/internal/cli/cluster.go:365.17,367.4 1 0
github.com/open-edge-platform/cli/internal/cli/cluster.go:368.8,370.17 2 1
github.com/open-edge-platform/cli/internal/cli/cluster.go:370.17,372.4 1 1
github.com/open-edge-platform/cli/internal/cli/cluster.go:374.2,375.12 2 1
github.com/open-edge-platform/cli/internal/cli/cluster.go:378.169,380.16 2 1
github.com/open-edge-platform/cli/internal/cli/cluster.go:380.16,382.3 1 0
github.com/open-edge-platform/cli/internal/cli/cluster.go:383.2,383.25 1 1
github.com/open-edge-platform/cli/internal/cli/cluster.go:383.25,385.3 1 1
github.com/open-edge-platform/cli/internal/cli/cluster.go:386.2,386.27 1 1
github.com/open-edge-platform/cli/internal/cli/cluster.go:389.134,391.16 2 1
github.com/open-edge-platform/cli/internal/cli/cluster.go:391.16,393.3 1 0
github.com/open-edge-platform/cli/internal/cli/cluster.go:394.2,394.41 1 1
github.com/open-edge-platform/cli/internal/cli/cluster.go:394.41,396.3 1 1
github.com/open-edge-platform/cli/internal/cli/cluster.go:397.2,397.12 1 1
github.com/open-edge-platform/cli/internal/cli/cluster.go:400.182,402.16 2 1
github.com/open-edge-platform/cli/internal/cli/cluster.go:402.16,404.3 1 0
github.com/open-edge-platform/cli/internal/cli/cluster.go:406.2,406.38 1 1
github.com/open-edge-platform/cli/internal/cli/cluster.go:406.38,407.39 1 1
github.com/open-edge-platform/cli/internal/cli/cluster.go:407.39,409.4 1 0
github.com/open-edge-platform/cli/internal/cli/cluster.go:410.3,412.17 3 1
github.com/open-edge-platform/cli/internal/cli/cluster.go:412.17,414.4 1 0
github.com/open-edge-platform/cli/internal/cli/cluster.go:415.3,421.17 5 1
github.com/open-edge-platform/cli/internal/cli/cluster.go:421.17,423.4 1 0
github.com/open-edge-platform/cli/internal/cli/cluster.go:424.3,424.81 1 1
github.com/open-edge-platform/cli/internal/cli/cluster.go:424.81,426.4 1 0
github.com/open-edge-platform/cli/internal/cli/cluster.go:427.3,427.82 1 1
github.com/open-edge-platform/cli/internal/cli/cluster.go:431.2,431.12 1 1
github.com/open-edge-platform/cli/internal/cli/cluster.go:434.130,436.16 2 1
github.com/open-edge-platform/cli/internal/cli/cluster.go:436.16,438.3 1 0
github.com/open-edge-platform/cli/internal/cli/cluster.go:439.2,439.25 1 1
github.com/open-edge-platform/cli/internal/cli/cluster.go:439.25,441.3 1 0
github.com/open-edge-platform/cli/internal/cli/cluster.go:443.2,445.17 3 1
github.com/open-edge-platform/cli/internal/cli/cluster.go:445.17,447.3 1 0
github.com/open-edge-platform/cli/internal/cli/cluster.go:448.2,448.19 1 1
github.com/open-edge-platform/cli/internal/cli/clustertemplate.go:20.35,21.14 1 1
github.com/open-edge-platform/cli/internal/cli/clustertemplate.go:21.14,23.3 1 0
github.com/open-edge-platform/cli/internal/cli/clustertemplate.go:25.2,26.16 2 1
github.com/open-edge-platform/cli/internal/cli/clustertemplate.go:26.16,28.3 1 0
github.com/open-edge-platform/cli/internal/cli/clustertemplate.go:30.2,30.26 1 1
github.com/open-edge-platform/cli/internal/cli/clustertemplate.go:33.100,34.39 1 1
github.com/open-edge-platform/cli/internal/cli/clustertemplate.go:34.39,35.15 1 1
github.com/open-edge-platform/cli/internal/cli/clustertemplate.go:35.15,37.4 1 1
github.com/open-edge-platform/cli/internal/cli/clustertemplate.go:37.9,47.4 9 1
github.com/open-edge-platform/cli/internal/cli/clustertemplate.go:51.54,60.2 2 1
github.com/open-edge-platform/cli/internal/cli/clustertemplate.go:62.75,66.16 3 1
github.com/open-edge-platform/cli/internal/cli/clustertemplate.go:66.16,68.3 1 0
github.com/open-edge-platform/cli/internal/cli/clustertemplate.go:70.2,71.16 2 1
github.com/open-edge-platform/cli/internal/cli/clustertemplate.go:71.16,73.3 1 0
github.com/open-edge-platform/cli/internal/cli/clustertemplate.go:75.2,76.70 1 1
github.com/open-edge-platform/cli/internal/cli/clustertemplate.go:76.70,78.3 1 1
github.com/open-edge-platform/cli/internal/cli/clustertemplate.go:80.2,82.23 2 1
github.com/open-edge-platform/cli/internal/cli/crud.go:42.40,48.53 1 1
github.com/open-edge-platform/cli/internal/cli/crud.go:48.53,49.21 1 1
github.com/open-edge-platform/cli/internal/cli/crud.go:49.21,50.48 1 1
github.com/open-edge-platform/cli/internal/cli/crud.go:50.48,52.6 1 1
github.com/open-edge-platform/cli/internal/cli/crud.go:52.11,54.6 1 1
github.com/open-edge-platform/cli/internal/cli/crud.go:56.4,56.20 1 1
github.com/open-edge-platform/cli/internal/cli/crud.go:63.2,99.12 23 1
github.com/open-edge-platform/cli/internal/cli/crud.go:102.38,108.53 1 1
github.com/open-edge-platform/cli/internal/cli/crud.go:108.53,109.21 1 1
github.com/open-edge-platform/cli/internal/cli/crud.go:109.21,110.48 1 1
github.com/open-edge-platform/cli/internal/cli/crud.go:110.48,112.6 1 1
github.com/open-edge-platform/cli/internal/cli/crud.go:112.11,114.6 1 0
github.com/open-edge-platform/cli/internal/cli/crud.go:116.4,116.20 1 1
github.com/open-edge-platform/cli/internal/cli/crud.go:120.2,165.27 27 1
github.com/open-edge-platform/cli/internal/cli/crud.go:168.37,173.53 1 1
github.com/open-edge-platform/cli/internal/cli/crud.go:173.53,174.21 1 1
github.com/open-edge-platform/cli/internal/cli/crud.go:174.21,175.48 1 1
github.com/open-edge-platform/cli/internal/cli/crud.go:175.48,177.6 1 1
github.com/open-edge-platform/cli/internal/cli/crud.go:177.11,179.6 1 0
github.com/open-edge-platform/cli/internal/cli/crud.go:181.4,181.20 1 1
github.com/open-edge-platform/cli/internal/cli/crud.go:187.2,224.26 23 1
github.com/open-edge-platform/cli/internal/cli/crud.go:227.37,233.53 1 1
github.com/open-edge-platform/cli/internal/cli/crud.go:233.53,234.21 1 1
github.com/open-edge-platform/cli/internal/cli/crud.go:234.21,235.48 1 1
github.com/open-edge-platform/cli/internal/cli/crud.go:235.48,237.6 1 1
github.com/open-edge-platform/cli/internal/cli/crud.go:237.11,239.6 1 0
github.com/open-edge-platform/cli/internal/cli/crud.go:241.4,241.20 1 1
github.com/open-edge-platform/cli/internal/cli/crud.go:247.2,263.12 11 1
github.com/open-edge-platform/cli/internal/cli/crud.go:266.41,271.53 1 1
github.com/open-edge-platform/cli/internal/cli/crud.go:271.53,272.21 1 0
github.com/open-edge-platform/cli/internal/cli/crud.go:272.21,273.48 1 0
github.com/open-edge-platform/cli/internal/cli/crud.go:273.48,275.6 1 0
github.com/open-edge-platform/cli/internal/cli/crud.go:275.11,277.6 1 0
github.com/open-edge-platform/cli/internal/cli/crud.go:279.4,279.20 1 0
github.com/open-edge-platform/cli/internal/cli/crud.go:284.2,285.12 2 1
github.com/open-edge-platform/cli/internal/cli/crud.go:288.40,293.53 1 1
github.com/open-edge-platform/cli/internal/cli/crud.go:293.53,294.21 1 1
github.com/open-edge-platform/cli/internal/cli/crud.go:294.21,295.48 1 1
github.com/open-edge-platform/cli/internal/cli/crud.go:295.48,297.6 1 1
github.com/open-edge-platform/cli/internal/cli/crud.go:297.11,299.6 1 0
github.com/open-edge-platform/cli/internal/cli/crud.go:301.4,301.20 1 1
github.com/open-edge-platform/cli/internal/cli/crud.go:307.2,345.29 24 1
github.com/open-edge-platform/cli/internal/cli/customconfig.go:40.100,41.13 1 1
github.com/open-edge-platform/cli/internal/cli/customconfig.go:41.13,43.3 1 1
github.com/open-edge-platform/cli/internal/cli/customconfig.go:44.2,44.37 1 1
github.com/open-edge-platform/cli/internal/cli/customconfig.go:44.37,45.15 1 1
github.com/open-edge-platform/cli/internal/cli/customconfig.go:45.15,47.4 1 1
github.com/open-edge-platform/cli/internal/cli/customconfig.go:47.9,50.4 1 1
github.com/open-edge-platform/cli/internal/cli/customconfig.go:55.84,61.2 4 1
github.com/open-edge-platform/cli/internal/cli/customconfig.go:64.33,72.23 3 1
github.com/open-edge-platform/cli/internal/cli/customconfig.go:72.23,74.3 1 1
github.com/open-edge-platform/cli/internal/cli/customconfig.go:75.2,75.63 1 1
github.com/open-edge-platform/cli/internal/cli/customconfig.go:79.60,81.41 1 1
github.com/open-edge-platform/cli/internal/cli/customconfig.go:81.41,83.3 1 0
github.com/open-edge-platform/cli/internal/cli/customconfig.go:84.2,85.16 2 1
github.com/open-edge-platform/cli/internal/cli/customconfig.go:85.16,87.3 1 1
github.com/open-edge-platform/cli/internal/cli/customconfig.go:88.2,88.23 1 1
github.com/open-edge-platform/cli/internal/cli/customconfig.go:88.23,90.3 1 0
github.com/open-edge-platform/cli/internal/cli/customconfig.go:91.2,91.74 1 1
github.com/open-edge-platform/cli/internal/cli/customconfig.go:91.74,93.3 1 0
github.com/open-edge-platform/cli/internal/cli/customconfig.go:94.2,95.51 2 1
github.com/open-edge-platform/cli/internal/cli/customconfig.go:95.51,97.3 1 0
github.com/open-edge-platform/cli/internal/cli/customconfig.go:98.2,98.26 1 1
github.com/open-edge-platform/cli/internal/cli/customconfig.go:102.126,103.39 1 1
github.com/open-edge-platform/cli/internal/cli/customconfig.go:103.39,104.26 1 1
github.com/open-edge-platform/cli/internal/cli/customconfig.go:104.26,106.4 1 1
github.com/open-edge-platform/cli/internal/cli/customconfig.go:108.2,108.67 1 1
github.com/open-edge-platform/cli/internal/cli/customconfig.go:111.49,121.2 2 1
github.com/open-edge-platform/cli/internal/cli/customconfig.go:123.50,133.2 3 1
github.com/open-edge-platform/cli/internal/cli/customconfig.go:135.52,146.2 3 1
github.com/open-edge-platform/cli/internal/cli/customconfig.go:148.52,158.2 2 1
github.com/open-edge-platform/cli/internal/cli/customconfig.go:161.73,165.16 3 1
github.com/open-edge-platform/cli/internal/cli/customconfig.go:165.16,167.3 1 0
github.com/open-edge-platform/cli/internal/cli/customconfig.go:177.2,179.16 2 1
github.com/open-edge-platform/cli/internal/cli/customconfig.go:179.16,181.3 1 0
github.com/open-edge-platform/cli/internal/cli/customconfig.go:183.2,184.52 1 1
github.com/open-edge-platform/cli/internal/cli/customconfig.go:184.52,186.3 1 0
github.com/open-edge-platform/cli/internal/cli/customconfig.go:188.2,190.16 3 1
github.com/open-edge-platform/cli/internal/cli/customconfig.go:190.16,192.3 1 1
github.com/open-edge-platform/cli/internal/cli/customconfig.go:194.2,195.59 1 1
github.com/open-edge-platform/cli/internal/cli/customconfig.go:195.59,197.3 1 0
github.com/open-edge-platform/cli/internal/cli/customconfig.go:199.2,200.23 2 1
github.com/open-edge-platform/cli/internal/cli/customconfig.go:204.71,211.16 5 1
github.com/open-edge-platform/cli/internal/cli/customconfig.go:211.16,213.3 1 0
github.com/open-edge-platform/cli/internal/cli/customconfig.go:215.2,219.16 2 1
github.com/open-edge-platform/cli/internal/cli/customconfig.go:219.16,221.3 1 0
github.com/open-edge-platform/cli/internal/cli/customconfig.go:223.2,224.76 1 1
github.com/open-edge-platform/cli/internal/cli/customconfig.go:224.76,226.3 1 0
github.com/open-edge-platform/cli/internal/cli/customconfig.go:228.2,230.23 2 1
github.com/open-edge-platform/cli/internal/cli/customconfig.go:234.76,240.20 5 1
github.com/open-edge-platform/cli/internal/cli/customconfig.go:240.20,242.3 1 1
github.com/open-edge-platform/cli/internal/cli/customconfig.go:244.2,245.16 2 1
github.com/open-edge-platform/cli/internal/cli/customconfig.go:245.16,247.3 1 1
github.com/open-edge-platform/cli/internal/cli/customconfig.go:249.2,250.16 2 1
github.com/open-edge-platform/cli/internal/cli/customconfig.go:250.16,252.3 1 1
github.com/open-edge-platform/cli/internal/cli/customconfig.go:254.2,255.16 2 1
github.com/open-edge-platform/cli/internal/cli/customconfig.go:255.16,257.3 1 0
github.com/open-edge-platform/cli/internal/cli/customconfig.go:259.2,265.16 2 1
github.com/open-edge-platform/cli/internal/cli/customconfig.go:265.16,267.3 1 0
github.com/open-edge-platform/cli/internal/cli/customconfig.go:268.2,268.121 1 1
github.com/open-edge-platform/cli/internal/cli/customconfig.go:272.76,276.16 3 1
github.com/open-edge-platform/cli/internal/cli/customconfig.go:276.16,278.3 1 0
github.com/open-edge-platform/cli/internal/cli/customconfig.go:280.2,282.16 2 1
github.com/open-edge-platform/cli/internal/cli/customconfig.go:282.16,284.3 1 0
github.com/open-edge-platform/cli/internal/cli/customconfig.go:286.2,286.101 1 1
github.com/open-edge-platform/cli/internal/cli/customconfig.go:286.101,288.3 1 0
github.com/open-edge-platform/cli/internal/cli/customconfig.go:290.2,291.16 2 1
github.com/open-edge-platform/cli/internal/cli/customconfig.go:291.16,293.3 1 1
github.com/open-edge-platform/cli/internal/cli/customconfig.go:295.2,297.16 2 1
github.com/open-edge-platform/cli/internal/cli/customconfig.go:297.16,299.3 1 0
github.com/open-edge-platform/cli/internal/cli/customconfig.go:301.2,301.110 1 1
github.com/open-edge-platform/cli/internal/cli/deployment-package.go:62.57,80.2 8 1
github.com/open-edge-platform/cli/internal/cli/deployment-package.go:82.56,94.2 5 1
github.com/open-edge-platform/cli/internal/cli/deployment-package.go:96.54,107.2 3 1
github.com/open-edge-platform/cli/internal/cli/deployment-package.go:109.54,129.2 10 1
github.com/open-edge-platform/cli/internal/cli/deployment-package.go:131.57,141.2 2 1
github.com/open-edge-platform/cli/internal/cli/deployment-package.go:143.57,154.2 3 1
github.com/open-edge-platform/cli/internal/cli/deployment-package.go:156.89,157.13 1 1
github.com/open-edge-platform/cli/internal/cli/deployment-package.go:157.13,159.3 1 1
github.com/open-edge-platform/cli/internal/cli/deployment-package.go:161.2,161.118 1 1
github.com/open-edge-platform/cli/internal/cli/deployment-package.go:164.172,166.16 2 1
github.com/open-edge-platform/cli/internal/cli/deployment-package.go:166.16,168.3 1 1
github.com/open-edge-platform/cli/internal/cli/deployment-package.go:170.2,172.45 3 1
github.com/open-edge-platform/cli/internal/cli/deployment-package.go:172.45,174.3 1 0
github.com/open-edge-platform/cli/internal/cli/deployment-package.go:176.2,177.73 2 1
github.com/open-edge-platform/cli/internal/cli/deployment-package.go:177.73,179.3 1 0
github.com/open-edge-platform/cli/internal/cli/deployment-package.go:181.2,191.12 3 1
github.com/open-edge-platform/cli/internal/cli/deployment-package.go:195.95,197.25 2 1
github.com/open-edge-platform/cli/internal/cli/deployment-package.go:197.25,199.3 1 0
github.com/open-edge-platform/cli/internal/cli/deployment-package.go:202.2,202.64 1 1
github.com/open-edge-platform/cli/internal/cli/deployment-package.go:202.64,204.3 1 1
github.com/open-edge-platform/cli/internal/cli/deployment-package.go:206.2,206.94 1 1
github.com/open-edge-platform/cli/internal/cli/deployment-package.go:209.81,214.70 3 1
github.com/open-edge-platform/cli/internal/cli/deployment-package.go:214.70,216.3 1 0
github.com/open-edge-platform/cli/internal/cli/deployment-package.go:219.2,220.23 2 1
github.com/open-edge-platform/cli/internal/cli/deployment-package.go:220.23,222.3 1 0
github.com/open-edge-platform/cli/internal/cli/deployment-package.go:224.2,225.16 2 1
github.com/open-edge-platform/cli/internal/cli/deployment-package.go:225.16,227.3 1 0
github.com/open-edge-platform/cli/internal/cli/deployment-package.go:228.2,229.16 2 1
github.com/open-edge-platform/cli/internal/cli/deployment-package.go:229.16,231.3 1 0
github.com/open-edge-platform/cli/internal/cli/deployment-package.go:234.2,236.34 3 1
github.com/open-edge-platform/cli/internal/cli/deployment-package.go:236.34,238.17 2 1
github.com/open-edge-platform/cli/internal/cli/deployment-package.go:238.17,240.4 1 1
github.com/open-edge-platform/cli/internal/cli/deployment-package.go:243.3,244.17 2 1
github.com/open-edge-platform/cli/internal/cli/deployment-package.go:244.17,246.4 1 0
github.com/open-edge-platform/cli/internal/cli/deployment-package.go:247.3,247.34 1 1
github.com/open-edge-platform/cli/internal/cli/deployment-package.go:247.34,249.4 1 0
github.com/open-edge-platform/cli/internal/cli/deployment-package.go:252.3,252.86 1 1
github.com/open-edge-platform/cli/internal/cli/deployment-package.go:252.86,254.4 1 1
github.com/open-edge-platform/cli/internal/cli/deployment-package.go:254.9,256.4 1 0
github.com/open-edge-platform/cli/internal/cli/deployment-package.go:258.3,258.62 1 1
github.com/open-edge-platform/cli/internal/cli/deployment-package.go:262.2,264.22 3 1
github.com/open-edge-platform/cli/internal/cli/deployment-package.go:264.22,265.34 1 0
github.com/open-edge-platform/cli/internal/cli/deployment-package.go:265.34,266.50 1 0
github.com/open-edge-platform/cli/internal/cli/deployment-package.go:266.50,268.5 1 0
github.com/open-edge-platform/cli/internal/cli/deployment-package.go:273.2,275.32 3 1
github.com/open-edge-platform/cli/internal/cli/deployment-package.go:275.32,277.3 1 0
github.com/open-edge-platform/cli/internal/cli/deployment-package.go:280.2,281.30 2 1
github.com/open-edge-platform/cli/internal/cli/deployment-package.go:281.30,283.3 1 1
github.com/open-edge-platform/cli/internal/cli/deployment-package.go:286.2,307.16 5 1
github.com/open-edge-platform/cli/internal/cli/deployment-package.go:307.16,309.3 1 0
github.com/open-edge-platform/cli/internal/cli/deployment-package.go:310.2,310.144 1 1
github.com/open-edge-platform/cli/internal/cli/deployment-package.go:310.144,312.3 1 0
github.com/open-edge-platform/cli/internal/cli/deployment-package.go:313.2,314.12 2 1
github.com/open-edge-platform/cli/internal/cli/deployment-package.go:317.70,318.17 1 1
github.com/open-edge-platform/cli/internal/cli/deployment-package.go:318.17,320.3 1 1
github.com/open-edge-platform/cli/internal/cli/deployment-package.go:321.2,321.15 1 1
github.com/open-edge-platform/cli/internal/cli/deployment-package.go:322.25,323.18 1 1
github.com/open-edge-platform/cli/internal/cli/deployment-package.go:324.24,325.17 1 0
github.com/open-edge-platform/cli/internal/cli/deployment-package.go:326.28,327.21 1 0
github.com/open-edge-platform/cli/internal/cli/deployment-package.go:329.2,329.17 1 0
github.com/open-edge-platform/cli/internal/cli/deployment-package.go:332.69,333.14 1 1
github.com/open-edge-platform/cli/internal/cli/deployment-package.go:334.16,335.27 1 1
github.com/open-edge-platform/cli/internal/cli/deployment-package.go:336.15,337.26 1 0
github.com/open-edge-platform/cli/internal/cli/deployment-package.go:338.19,339.30 1 0
github.com/open-edge-platform/cli/internal/cli/deployment-package.go:341.2,341.26 1 0
github.com/open-edge-platform/cli/internal/cli/deployment-package.go:344.100,348.2 3 1
github.com/open-edge-platform/cli/internal/cli/deployment-package.go:350.76,352.21 2 1
github.com/open-edge-platform/cli/internal/cli/deployment-package.go:352.21,354.3 1 1
github.com/open-edge-platform/cli/internal/cli/deployment-package.go:355.2,356.26 2 0
github.com/open-edge-platform/cli/internal/cli/deployment-package.go:356.26,358.3 1 0
github.com/open-edge-platform/cli/internal/cli/deployment-package.go:359.2,359.14 1 0
github.com/open-edge-platform/cli/internal/cli/deployment-package.go:367.20,369.16 2 1
github.com/open-edge-platform/cli/internal/cli/deployment-package.go:369.16,371.3 1 0
github.com/open-edge-platform/cli/internal/cli/deployment-package.go:373.2,376.27 2 1
github.com/open-edge-platform/cli/internal/cli/deployment-package.go:376.27,378.3 1 1
github.com/open-edge-platform/cli/internal/cli/deployment-package.go:381.2,381.138 1 0
github.com/open-edge-platform/cli/internal/cli/deployment-package.go:381.138,394.17 4 0
github.com/open-edge-platform/cli/internal/cli/deployment-package.go:394.17,396.4 1 0
github.com/open-edge-platform/cli/internal/cli/deployment-package.go:397.3,397.88 1 0
github.com/open-edge-platform/cli/internal/cli/deployment-package.go:397.88,399.4 1 0
github.com/open-edge-platform/cli/internal/cli/deployment-package.go:400.3,400.117 1 0
github.com/open-edge-platform/cli/internal/cli/deployment-package.go:400.117,402.4 1 0
github.com/open-edge-platform/cli/internal/cli/deployment-package.go:403.3,403.19 1 0
github.com/open-edge-platform/cli/internal/cli/deployment-package.go:407.77,410.16 3 1
github.com/open-edge-platform/cli/internal/cli/deployment-package.go:410.16,412.3 1 0
github.com/open-edge-platform/cli/internal/cli/deployment-package.go:414.2,415.16 2 1
github.com/open-edge-platform/cli/internal/cli/deployment-package.go:415.16,417.3 1 0
github.com/open-edge-platform/cli/internal/cli/deployment-package.go:419.2,421.27 3 1
github.com/open-edge-platform/cli/internal/cli/deployment-package.go:421.27,424.3 1 1
github.com/open-edge-platform/cli/internal/cli/deployment-package.go:426.2,427.16 2 1
github.com/open-edge-platform/cli/internal/cli/deployment-package.go:427.16,429.3 1 0
github.com/open-edge-platform/cli/internal/cli/deployment-package.go:432.2,432.71 1 1
github.com/open-edge-platform/cli/internal/cli/deployment-package.go:432.71,441.17 2 0
github.com/open-edge-platform/cli/internal/cli/deployment-package.go:441.17,443.4 1 0
github.com/open-edge-platform/cli/internal/cli/deployment-package.go:444.3,445.51 1 0
github.com/open-edge-platform/cli/internal/cli/deployment-package.go:445.51,447.4 1 0
github.com/open-edge-platform/cli/internal/cli/deployment-package.go:449.3,450.138 2 0
github.com/open-edge-platform/cli/internal/cli/deployment-package.go:450.138,452.4 1 0
github.com/open-edge-platform/cli/internal/cli/deployment-package.go:453.3,453.24 1 0
github.com/open-edge-platform/cli/internal/cli/deployment-package.go:456.2,466.16 3 1
github.com/open-edge-platform/cli/internal/cli/deployment-package.go:466.16,468.3 1 0
github.com/open-edge-platform/cli/internal/cli/deployment-package.go:469.2,470.50 1 1
github.com/open-edge-platform/cli/internal/cli/deployment-package.go:470.50,472.3 1 0
github.com/open-edge-platform/cli/internal/cli/deployment-package.go:474.2,478.19 3 1
github.com/open-edge-platform/cli/internal/cli/deployment-package.go:478.19,480.3 1 1
github.com/open-edge-platform/cli/internal/cli/deployment-package.go:482.2,482.49 1 1
github.com/open-edge-platform/cli/internal/cli/deployment-package.go:482.49,483.20 1 0
github.com/open-edge-platform/cli/internal/cli/deployment-package.go:483.20,484.9 1 0
github.com/open-edge-platform/cli/internal/cli/deployment-package.go:487.3,496.17 3 0
github.com/open-edge-platform/cli/internal/cli/deployment-package.go:496.17,498.4 1 0
github.com/open-edge-platform/cli/internal/cli/deployment-package.go:499.3,500.51 1 0
github.com/open-edge-platform/cli/internal/cli/deployment-package.go:500.51,502.4 1 0
github.com/open-edge-platform/cli/internal/cli/deployment-package.go:504.3,504.48 1 0
github.com/open-edge-platform/cli/internal/cli/deployment-package.go:504.48,505.9 1 0
github.com/open-edge-platform/cli/internal/cli/deployment-package.go:507.3,507.92 1 0
github.com/open-edge-platform/cli/internal/cli/deployment-package.go:510.2,511.127 2 1
github.com/open-edge-platform/cli/internal/cli/deployment-package.go:511.127,513.3 1 1
github.com/open-edge-platform/cli/internal/cli/deployment-package.go:514.2,514.23 1 1
github.com/open-edge-platform/cli/internal/cli/deployment-package.go:517.78,520.16 3 1
github.com/open-edge-platform/cli/internal/cli/deployment-package.go:520.16,522.3 1 0
github.com/open-edge-platform/cli/internal/cli/deployment-package.go:524.2,527.20 3 1
github.com/open-edge-platform/cli/internal/cli/deployment-package.go:527.20,531.17 3 1
github.com/open-edge-platform/cli/internal/cli/deployment-package.go:531.17,533.4 1 0
github.com/open-edge-platform/cli/internal/cli/deployment-package.go:534.3,535.84 1 1
github.com/open-edge-platform/cli/internal/cli/deployment-package.go:535.84,537.4 1 0
github.com/open-edge-platform/cli/internal/cli/deployment-package.go:538.3,538.74 1 1
github.com/open-edge-platform/cli/internal/cli/deployment-package.go:539.8,542.17 2 1
github.com/open-edge-platform/cli/internal/cli/deployment-package.go:542.17,544.4 1 0
github.com/open-edge-platform/cli/internal/cli/deployment-package.go:545.3,546.81 1 1
github.com/open-edge-platform/cli/internal/cli/deployment-package.go:546.81,548.4 1 0
github.com/open-edge-platform/cli/internal/cli/deployment-package.go:549.3,550.31 2 1
github.com/open-edge-platform/cli/internal/cli/deployment-package.go:550.31,552.4 1 0
github.com/open-edge-platform/cli/internal/cli/deployment-package.go:554.2,554.97 1 1
github.com/open-edge-platform/cli/internal/cli/deployment-package.go:554.97,556.3 1 0
github.com/open-edge-platform/cli/internal/cli/deployment-package.go:557.2,557.23 1 1
github.com/open-edge-platform/cli/internal/cli/deployment-package.go:560.78,562.16 2 1
github.com/open-edge-platform/cli/internal/cli/deployment-package.go:562.16,564.3 1 0
github.com/open-edge-platform/cli/internal/cli/deployment-package.go:565.2,570.16 4 1
github.com/open-edge-platform/cli/internal/cli/deployment-package.go:570.16,572.3 1 0
github.com/open-edge-platform/cli/internal/cli/deployment-package.go:573.2,573.135 1 1
github.com/open-edge-platform/cli/internal/cli/deployment-package.go:573.135,575.3 1 0
github.com/open-edge-platform/cli/internal/cli/deployment-package.go:577.2,583.39 5 1
github.com/open-edge-platform/cli/internal/cli/deployment-package.go:583.39,585.52 2 1
github.com/open-edge-platform/cli/internal/cli/deployment-package.go:585.52,587.18 2 1
github.com/open-edge-platform/cli/internal/cli/deployment-package.go:587.18,589.5 1 0
github.com/open-edge-platform/cli/internal/cli/deployment-package.go:592.4,593.18 2 1
github.com/open-edge-platform/cli/internal/cli/deployment-package.go:593.18,595.5 1 0
github.com/open-edge-platform/cli/internal/cli/deployment-package.go:596.4,596.35 1 1
github.com/open-edge-platform/cli/internal/cli/deployment-package.go:596.35,598.5 1 0
github.com/open-edge-platform/cli/internal/cli/deployment-package.go:600.4,600.63 1 1
github.com/open-edge-platform/cli/internal/cli/deployment-package.go:605.2,606.41 2 1
github.com/open-edge-platform/cli/internal/cli/deployment-package.go:606.41,608.53 2 1
github.com/open-edge-platform/cli/internal/cli/deployment-package.go:608.53,609.21 1 1
github.com/open-edge-platform/cli/internal/cli/deployment-package.go:609.21,610.51 1 1
github.com/open-edge-platform/cli/internal/cli/deployment-package.go:610.51,612.6 1 1
github.com/open-edge-platform/cli/internal/cli/deployment-package.go:618.2,620.35 3 1
github.com/open-edge-platform/cli/internal/cli/deployment-package.go:620.35,621.31 1 0
github.com/open-edge-platform/cli/internal/cli/deployment-package.go:621.31,623.4 1 0
github.com/open-edge-platform/cli/internal/cli/deployment-package.go:623.9,624.43 1 0
github.com/open-edge-platform/cli/internal/cli/deployment-package.go:624.43,626.5 1 0
github.com/open-edge-platform/cli/internal/cli/deployment-package.go:630.2,644.16 2 1
github.com/open-edge-platform/cli/internal/cli/deployment-package.go:644.16,646.3 1 0
github.com/open-edge-platform/cli/internal/cli/deployment-package.go:647.2,647.145 1 1
github.com/open-edge-platform/cli/internal/cli/deployment-package.go:647.145,649.3 1 0
github.com/open-edge-platform/cli/internal/cli/deployment-package.go:650.2,651.12 2 1
github.com/open-edge-platform/cli/internal/cli/deployment-package.go:654.81,656.16 2 1
github.com/open-edge-platform/cli/internal/cli/deployment-package.go:656.16,658.3 1 0
github.com/open-edge-platform/cli/internal/cli/deployment-package.go:659.2,662.20 2 1
github.com/open-edge-platform/cli/internal/cli/deployment-package.go:662.20,666.17 3 1
github.com/open-edge-platform/cli/internal/cli/deployment-package.go:666.17,668.4 1 0
github.com/open-edge-platform/cli/internal/cli/deployment-package.go:669.3,669.134 1 1
github.com/open-edge-platform/cli/internal/cli/deployment-package.go:669.134,671.4 1 0
github.com/open-edge-platform/cli/internal/cli/deployment-package.go:672.3,674.17 2 1
github.com/open-edge-platform/cli/internal/cli/deployment-package.go:674.17,676.4 1 0
github.com/open-edge-platform/cli/internal/cli/deployment-package.go:677.3,677.152 1 1
github.com/open-edge-platform/cli/internal/cli/deployment-package.go:677.152,679.4 1 0
github.com/open-edge-platform/cli/internal/cli/deployment-package.go:680.3,681.13 2 1
github.com/open-edge-platform/cli/internal/cli/deployment-package.go:685.2,687.16 2 1
github.com/open-edge-platform/cli/internal/cli/deployment-package.go:687.16,689.3 1 0
github.com/open-edge-platform/cli/internal/cli/deployment-package.go:690.2,690.134 1 1
github.com/open-edge-platform/cli/internal/cli/deployment-package.go:690.134,692.3 1 0
github.com/open-edge-platform/cli/internal/cli/deployment-package.go:693.2,693.47 1 1
github.com/open-edge-platform/cli/internal/cli/deployment-package.go:693.47,695.3 1 0
github.com/open-edge-platform/cli/internal/cli/deployment-package.go:697.2,697.54 1 1
github.com/open-edge-platform/cli/internal/cli/deployment-package.go:697.54,700.17 2 1
github.com/open-edge-platform/cli/internal/cli/deployment-package.go:700.17,702.4 1 0
github.com/open-edge-platform/cli/internal/cli/deployment-package.go:703.3,704.40 1 1
github.com/open-edge-platform/cli/internal/cli/deployment-package.go:704.40,706.4 1 0
github.com/open-edge-platform/cli/internal/cli/deployment-package.go:708.2,709.12 2 1
github.com/open-edge-platform/cli/internal/cli/deployment-package.go:712.81,714.16 2 1
github.com/open-edge-platform/cli/internal/cli/deployment-package.go:714.16,716.3 1 0
github.com/open-edge-platform/cli/internal/cli/deployment-package.go:718.2,722.16 4 1
github.com/open-edge-platform/cli/internal/cli/deployment-package.go:722.16,724.3 1 0
github.com/open-edge-platform/cli/internal/cli/deployment-package.go:726.2,727.31 1 1
github.com/open-edge-platform/cli/internal/cli/deployment-package.go:727.31,729.3 1 0
github.com/open-edge-platform/cli/internal/cli/deployment-package.go:731.2,732.70 2 1
github.com/open-edge-platform/cli/internal/cli/deployment-package.go:732.70,734.3 1 1
github.com/open-edge-platform/cli/internal/cli/deployment-package.go:737.2,737.20 1 1
github.com/open-edge-platform/cli/internal/cli/deployment-package.go:737.20,741.31 2 1
github.com/open-edge-platform/cli/internal/cli/deployment-package.go:741.31,743.18 2 1
github.com/open-edge-platform/cli/internal/cli/deployment-package.go:743.18,744.44 1 1
github.com/open-edge-platform/cli/internal/cli/deployment-package.go:744.44,746.6 1 1
github.com/open-edge-platform/cli/internal/cli/deployment-package.go:752.3,752.21 1 1
github.com/open-edge-platform/cli/internal/cli/deployment-package.go:752.21,754.4 1 1
github.com/open-edge-platform/cli/internal/cli/deployment-package.go:758.2,758.20 1 1
github.com/open-edge-platform/cli/internal/cli/deployment-package.go:758.20,760.3 1 0
github.com/open-edge-platform/cli/internal/cli/deployment-package.go:762.2,763.16 2 1
github.com/open-edge-platform/cli/internal/cli/deployment-package.go:763.16,765.3 1 0
github.com/open-edge-platform/cli/internal/cli/deployment-package.go:766.2,768.52 2 1
github.com/open-edge-platform/cli/internal/cli/deployment-package.go:768.52,770.3 1 0
github.com/open-edge-platform/cli/internal/cli/deployment-package.go:771.2,773.12 2 1
github.com/open-edge-platform/cli/internal/cli/deployment-profile.go:31.57,43.2 4 1
github.com/open-edge-platform/cli/internal/cli/deployment-profile.go:45.56,56.2 3 1
github.com/open-edge-platform/cli/internal/cli/deployment-profile.go:58.54,69.2 3 1
github.com/open-edge-platform/cli/internal/cli/deployment-profile.go:71.54,83.2 4 1
github.com/open-edge-platform/cli/internal/cli/deployment-profile.go:85.57,95.2 2 1
github.com/open-edge-platform/cli/internal/cli/deployment-profile.go:97.89,98.13 1 1
github.com/open-edge-platform/cli/internal/cli/deployment-profile.go:98.13,100.3 1 1
github.com/open-edge-platform/cli/internal/cli/deployment-profile.go:102.2,102.118 1 1
github.com/open-edge-platform/cli/internal/cli/deployment-profile.go:105.160,108.16 3 1
github.com/open-edge-platform/cli/internal/cli/deployment-profile.go:108.16,110.3 1 1
github.com/open-edge-platform/cli/internal/cli/deployment-profile.go:112.2,113.73 2 1
github.com/open-edge-platform/cli/internal/cli/deployment-profile.go:113.73,115.3 1 0
github.com/open-edge-platform/cli/internal/cli/deployment-profile.go:117.2,126.12 3 1
github.com/open-edge-platform/cli/internal/cli/deployment-profile.go:129.81,131.16 2 1
github.com/open-edge-platform/cli/internal/cli/deployment-profile.go:131.16,133.3 1 0
github.com/open-edge-platform/cli/internal/cli/deployment-profile.go:134.2,135.16 2 1
github.com/open-edge-platform/cli/internal/cli/deployment-profile.go:135.16,137.3 1 0
github.com/open-edge-platform/cli/internal/cli/deployment-profile.go:139.2,144.16 5 1
github.com/open-edge-platform/cli/internal/cli/deployment-profile.go:144.16,146.3 1 0
github.com/open-edge-platform/cli/internal/cli/deployment-profile.go:148.2,150.16 2 1
github.com/open-edge-platform/cli/internal/cli/deployment-profile.go:150.16,152.3 1 0
github.com/open-edge-platform/cli/internal/cli/deployment-profile.go:153.2,153.135 1 1
github.com/open-edge-platform/cli/internal/cli/deployment-profile.go:153.135,155.3 1 0
github.com/open-edge-platform/cli/internal/cli/deployment-profile.go:157.2,167.43 4 1
github.com/open-edge-platform/cli/internal/cli/deployment-profile.go:167.43,168.42 1 1
github.com/open-edge-platform/cli/internal/cli/deployment-profile.go:168.42,170.4 1 0
github.com/open-edge-platform/cli/internal/cli/deployment-profile.go:174.2,177.169 2 1
github.com/open-edge-platform/cli/internal/cli/deployment-profile.go:177.169,179.3 1 1
github.com/open-edge-platform/cli/internal/cli/deployment-profile.go:181.2,184.16 3 1
github.com/open-edge-platform/cli/internal/cli/deployment-profile.go:184.16,186.3 1 0
github.com/open-edge-platform/cli/internal/cli/deployment-profile.go:188.2,188.140 1 1
github.com/open-edge-platform/cli/internal/cli/deployment-profile.go:188.140,190.3 1 0
github.com/open-edge-platform/cli/internal/cli/deployment-profile.go:191.2,192.12 2 1
github.com/open-edge-platform/cli/internal/cli/deployment-profile.go:195.80,198.16 3 1
github.com/open-edge-platform/cli/internal/cli/deployment-profile.go:198.16,200.3 1 0
github.com/open-edge-platform/cli/internal/cli/deployment-profile.go:202.2,207.16 4 1
github.com/open-edge-platform/cli/internal/cli/deployment-profile.go:207.16,209.3 1 0
github.com/open-edge-platform/cli/internal/cli/deployment-profile.go:210.2,211.107 1 1
github.com/open-edge-platform/cli/internal/cli/deployment-profile.go:211.107,213.3 1 0
github.com/open-edge-platform/cli/internal/cli/deployment-profile.go:214.2,215.126 2 1
github.com/open-edge-platform/cli/internal/cli/deployment-profile.go:215.126,217.3 1 1
github.com/open-edge-platform/cli/internal/cli/deployment-profile.go:218.2,218.23 1 1
github.com/open-edge-platform/cli/internal/cli/deployment-profile.go:221.78,224.16 3 1
github.com/open-edge-platform/cli/internal/cli/deployment-profile.go:224.16,226.3 1 0
github.com/open-edge-platform/cli/internal/cli/deployment-profile.go:228.2,234.16 5 1
github.com/open-edge-platform/cli/internal/cli/deployment-profile.go:234.16,236.3 1 0
github.com/open-edge-platform/cli/internal/cli/deployment-profile.go:237.2,238.122 1 1
github.com/open-edge-platform/cli/internal/cli/deployment-profile.go:238.122,240.3 1 0
github.com/open-edge-platform/cli/internal/cli/deployment-profile.go:242.2,243.40 2 1
github.com/open-edge-platform/cli/internal/cli/deployment-profile.go:243.40,244.34 1 1
github.com/open-edge-platform/cli/internal/cli/deployment-profile.go:244.34,245.124 1 1
github.com/open-edge-platform/cli/internal/cli/deployment-profile.go:245.124,247.5 1 0
github.com/open-edge-platform/cli/internal/cli/deployment-profile.go:248.4,248.25 1 1
github.com/open-edge-platform/cli/internal/cli/deployment-profile.go:251.2,251.119 1 0
github.com/open-edge-platform/cli/internal/cli/deployment-profile.go:254.78,256.16 2 1
github.com/open-edge-platform/cli/internal/cli/deployment-profile.go:256.16,258.3 1 0
github.com/open-edge-platform/cli/internal/cli/deployment-profile.go:260.2,266.16 5 1
github.com/open-edge-platform/cli/internal/cli/deployment-profile.go:266.16,268.3 1 0
github.com/open-edge-platform/cli/internal/cli/deployment-profile.go:269.2,269.135 1 1
github.com/open-edge-platform/cli/internal/cli/deployment-profile.go:269.135,271.3 1 0
github.com/open-edge-platform/cli/internal/cli/deployment-profile.go:273.2,278.35 4 1
github.com/open-edge-platform/cli/internal/cli/deployment-profile.go:278.35,279.34 1 1
github.com/open-edge-platform/cli/internal/cli/deployment-profile.go:279.34,283.39 4 1
github.com/open-edge-platform/cli/internal/cli/deployment-profile.go:283.39,285.5 1 0
github.com/open-edge-platform/cli/internal/cli/deployment-profile.go:286.4,288.9 3 1
github.com/open-edge-platform/cli/internal/cli/deployment-profile.go:291.2,291.9 1 1
github.com/open-edge-platform/cli/internal/cli/deployment-profile.go:291.9,293.3 1 0
github.com/open-edge-platform/cli/internal/cli/deployment-profile.go:295.2,298.16 3 1
github.com/open-edge-platform/cli/internal/cli/deployment-profile.go:298.16,300.3 1 0
github.com/open-edge-platform/cli/internal/cli/deployment-profile.go:301.2,302.44 1 1
github.com/open-edge-platform/cli/internal/cli/deployment-profile.go:302.44,304.3 1 0
github.com/open-edge-platform/cli/internal/cli/deployment-profile.go:305.2,306.12 2 1
github.com/open-edge-platform/cli/internal/cli/deployment-profile.go:309.81,311.16 2 1
github.com/open-edge-platform/cli/internal/cli/deployment-profile.go:311.16,313.3 1 0
github.com/open-edge-platform/cli/internal/cli/deployment-profile.go:315.2,321.16 5 1
github.com/open-edge-platform/cli/internal/cli/deployment-profile.go:321.16,323.3 1 0
github.com/open-edge-platform/cli/internal/cli/deployment-profile.go:324.2,324.135 1 1
github.com/open-edge-platform/cli/internal/cli/deployment-profile.go:324.135,326.3 1 0
github.com/open-edge-platform/cli/internal/cli/deployment-profile.go:328.2,332.35 3 1
github.com/open-edge-platform/cli/internal/cli/deployment-profile.go:332.35,333.34 1 1
github.com/open-edge-platform/cli/internal/cli/deployment-profile.go:333.34,335.9 2 1
github.com/open-edge-platform/cli/internal/cli/deployment-profile.go:340.2,340.77 1 1
github.com/open-edge-platform/cli/internal/cli/deployment-profile.go:340.77,341.24 1 0
github.com/open-edge-platform/cli/internal/cli/deployment-profile.go:341.24,343.4 1 0
github.com/open-edge-platform/cli/internal/cli/deployment-profile.go:343.9,345.4 1 0
github.com/open-edge-platform/cli/internal/cli/deployment-profile.go:348.2,351.16 3 1
github.com/open-edge-platform/cli/internal/cli/deployment-profile.go:351.16,353.3 1 0
github.com/open-edge-platform/cli/internal/cli/deployment-profile.go:354.2,355.44 1 1
github.com/open-edge-platform/cli/internal/cli/deployment-profile.go:355.44,357.3 1 0
github.com/open-edge-platform/cli/internal/cli/deployment-profile.go:358.2,359.12 2 1
github.com/open-edge-platform/cli/internal/cli/deployment.go:40.50,56.2 8 1
github.com/open-edge-platform/cli/internal/cli/deployment.go:58.49,69.2 4 1
github.com/open-edge-platform/cli/internal/cli/deployment.go:71.47,82.2 3 1
github.com/open-edge-platform/cli/internal/cli/deployment.go:84.47,102.2 10 1
github.com/open-edge-platform/cli/internal/cli/deployment.go:104.51,116.2 4 1
github.com/open-edge-platform/cli/internal/cli/deployment.go:118.50,128.2 2 1
github.com/open-edge-platform/cli/internal/cli/deployment.go:130.82,131.13 1 1
github.com/open-edge-platform/cli/internal/cli/deployment.go:131.13,133.3 1 1
github.com/open-edge-platform/cli/internal/cli/deployment.go:135.2,135.102 1 1
github.com/open-edge-platform/cli/internal/cli/deployment.go:138.162,141.16 3 1
github.com/open-edge-platform/cli/internal/cli/deployment.go:141.16,143.3 1 1
github.com/open-edge-platform/cli/internal/cli/deployment.go:145.2,146.45 2 1
github.com/open-edge-platform/cli/internal/cli/deployment.go:146.45,148.3 1 0
github.com/open-edge-platform/cli/internal/cli/deployment.go:150.2,151.73 2 1
github.com/open-edge-platform/cli/internal/cli/deployment.go:151.73,153.3 1 0
github.com/open-edge-platform/cli/internal/cli/deployment.go:155.2,165.12 3 1
github.com/open-edge-platform/cli/internal/cli/deployment.go:168.74,170.16 2 1
github.com/open-edge-platform/cli/internal/cli/deployment.go:170.16,172.3 1 0
github.com/open-edge-platform/cli/internal/cli/deployment.go:174.2,178.62 3 1
github.com/open-edge-platform/cli/internal/cli/deployment.go:178.62,180.3 1 0
github.com/open-edge-platform/cli/internal/cli/deployment.go:183.2,184.16 2 1
github.com/open-edge-platform/cli/internal/cli/deployment.go:184.16,186.3 1 0
github.com/open-edge-platform/cli/internal/cli/deployment.go:189.2,190.16 2 1
github.com/open-edge-platform/cli/internal/cli/deployment.go:190.16,192.3 1 0
github.com/open-edge-platform/cli/internal/cli/deployment.go:196.2,197.21 2 1
github.com/open-edge-platform/cli/internal/cli/deployment.go:197.21,199.38 2 1
github.com/open-edge-platform/cli/internal/cli/deployment.go:199.38,200.37 1 1
github.com/open-edge-platform/cli/internal/cli/deployment.go:200.37,203.5 2 1
github.com/open-edge-platform/cli/internal/cli/deployment.go:205.3,205.86 1 1
github.com/open-edge-platform/cli/internal/cli/deployment.go:210.2,211.21 2 1
github.com/open-edge-platform/cli/internal/cli/deployment.go:211.21,213.38 2 0
github.com/open-edge-platform/cli/internal/cli/deployment.go:213.38,215.4 1 0
github.com/open-edge-platform/cli/internal/cli/deployment.go:216.3,216.94 1 0
github.com/open-edge-platform/cli/internal/cli/deployment.go:219.2,220.16 2 1
github.com/open-edge-platform/cli/internal/cli/deployment.go:220.16,222.3 1 0
github.com/open-edge-platform/cli/internal/cli/deployment.go:225.2,225.99 1 1
github.com/open-edge-platform/cli/internal/cli/deployment.go:225.99,227.3 1 0
github.com/open-edge-platform/cli/internal/cli/deployment.go:229.2,230.16 2 1
github.com/open-edge-platform/cli/internal/cli/deployment.go:230.16,232.3 1 1
github.com/open-edge-platform/cli/internal/cli/deployment.go:235.2,235.94 1 1
github.com/open-edge-platform/cli/internal/cli/deployment.go:235.94,237.3 1 0
github.com/open-edge-platform/cli/internal/cli/deployment.go:239.2,249.16 2 1
github.com/open-edge-platform/cli/internal/cli/deployment.go:249.16,251.3 1 0
github.com/open-edge-platform/cli/internal/cli/deployment.go:252.2,252.153 1 1
github.com/open-edge-platform/cli/internal/cli/deployment.go:252.153,254.3 1 0
github.com/open-edge-platform/cli/internal/cli/deployment.go:256.2,256.60 1 1
github.com/open-edge-platform/cli/internal/cli/deployment.go:256.60,258.3 1 1
github.com/open-edge-platform/cli/internal/cli/deployment.go:258.8,260.3 1 0
github.com/open-edge-platform/cli/internal/cli/deployment.go:261.2,261.12 1 1
github.com/open-edge-platform/cli/internal/cli/deployment.go:264.77,268.2 3 1
github.com/open-edge-platform/cli/internal/cli/deployment.go:270.96,274.41 2 1
github.com/open-edge-platform/cli/internal/cli/deployment.go:274.41,278.3 3 1
github.com/open-edge-platform/cli/internal/cli/deployment.go:281.2,281.35 1 1
github.com/open-edge-platform/cli/internal/cli/deployment.go:281.35,283.22 2 1
github.com/open-edge-platform/cli/internal/cli/deployment.go:283.22,285.4 1 0
github.com/open-edge-platform/cli/internal/cli/deployment.go:286.3,290.10 4 1
github.com/open-edge-platform/cli/internal/cli/deployment.go:290.10,293.4 2 1
[...]
github.com/open-edge-platform/cli/internal/cli/utils.go:252.26,253.99 1 0
github.com/open-edge-platform/cli/internal/cli/utils.go:253.99,255.4 1 0
github.com/open-edge-platform/cli/internal/cli/utils.go:258.2,259.49 2 0
github.com/open-edge-platform/cli/internal/cli/utils.go:263.98,265.16 2 1
github.com/open-edge-platform/cli/internal/cli/utils.go:265.16,267.3 1 0
github.com/open-edge-platform/cli/internal/cli/utils.go:268.2,269.16 2 1
github.com/open-edge-platform/cli/internal/cli/utils.go:269.16,271.3 1 0
github.com/open-edge-platform/cli/internal/cli/utils.go:272.2,272.46 1 1
github.com/open-edge-platform/cli/internal/cli/utils.go:276.56,279.2 2 1
github.com/open-edge-platform/cli/internal/cli/utils.go:282.81,287.2 4 1
github.com/open-edge-platform/cli/internal/cli/utils.go:290.54,293.2 2 1
github.com/open-edge-platform/cli/internal/cli/utils.go:297.53,301.2 3 1
github.com/open-edge-platform/cli/internal/cli/utils.go:305.52,308.2 2 1
github.com/open-edge-platform/cli/internal/cli/utils.go:310.55,312.2 1 1
github.com/open-edge-platform/cli/internal/cli/utils.go:317.108,323.24 5 1
github.com/open-edge-platform/cli/internal/cli/utils.go:323.24,325.3 1 0
github.com/open-edge-platform/cli/internal/cli/utils.go:326.2,327.28 2 1
github.com/open-edge-platform/cli/internal/cli/utils.go:327.28,329.3 1 0
github.com/open-edge-platform/cli/internal/cli/utils.go:331.2,331.54 1 1
github.com/open-edge-platform/cli/internal/cli/utils.go:331.54,333.3 1 1
github.com/open-edge-platform/cli/internal/cli/utils.go:335.2,335.30 1 1
github.com/open-edge-platform/cli/internal/cli/utils.go:335.30,337.17 2 1
github.com/open-edge-platform/cli/internal/cli/utils.go:337.17,339.4 1 1
github.com/open-edge-platform/cli/internal/cli/utils.go:340.3,340.69 1 1
github.com/open-edge-platform/cli/internal/cli/utils.go:341.8,341.33 1 1
github.com/open-edge-platform/cli/internal/cli/utils.go:341.33,343.3 1 1
github.com/open-edge-platform/cli/internal/cli/utils.go:345.2,345.50 1 1
github.com/open-edge-platform/cli/internal/cli/utils.go:345.50,348.3 2 1
github.com/open-edge-platform/cli/internal/cli/utils.go:350.2,350.45 1 1
github.com/open-edge-platform/cli/internal/cli/utils.go:350.45,352.3 1 1
github.com/open-edge-platform/cli/internal/cli/utils.go:354.2,354.28 1 1
github.com/open-edge-platform/cli/internal/cli/utils.go:358.65,360.16 2 1
github.com/open-edge-platform/cli/internal/cli/utils.go:360.16,362.3 1 0
github.com/open-edge-platform/cli/internal/cli/utils.go:363.2,364.16 2 1
github.com/open-edge-platform/cli/internal/cli/utils.go:364.16,366.3 1 0
github.com/open-edge-platform/cli/internal/cli/utils.go:367.2,367.38 1 1
github.com/open-edge-platform/cli/internal/cli/utils.go:370.71,372.16 2 1
github.com/open-edge-platform/cli/internal/cli/utils.go:372.16,374.3 1 0
github.com/open-edge-platform/cli/internal/cli/utils.go:376.2,382.97 2 1
github.com/open-edge-platform/cli/internal/cli/utils.go:382.97,384.3 1 0
github.com/open-edge-platform/cli/internal/cli/utils.go:386.2,386.16 1 1
github.com/open-edge-platform/cli/internal/cli/utils.go:386.16,388.3 1 0
github.com/open-edge-platform/cli/internal/cli/utils.go:390.2,390.12 1 1
github.com/open-edge-platform/cli/internal/cli/utils.go:394.57,396.16 2 1
github.com/open-edge-platform/cli/internal/cli/utils.go:396.16,398.3 1 0
github.com/open-edge-platform/cli/internal/cli/utils.go:400.2,400.23 1 1
github.com/open-edge-platform/cli/internal/cli/utils.go:400.23,402.3 1 0
github.com/open-edge-platform/cli/internal/cli/utils.go:406.2,407.16 2 1
github.com/open-edge-platform/cli/internal/cli/utils.go:407.16,409.3 1 0
github.com/open-edge-platform/cli/internal/cli/utils.go:411.2,411.25 1 1
github.com/open-edge-platform/cli/internal/cli/utils.go:415.55,417.16 2 1
github.com/open-edge-platform/cli/internal/cli/utils.go:417.16,419.3 1 0
github.com/open-edge-platform/cli/internal/cli/utils.go:420.2,420.15 1 1
github.com/open-edge-platform/cli/internal/cli/utils.go:424.86,426.31 2 1
github.com/open-edge-platform/cli/internal/cli/utils.go:426.31,428.3 1 1
github.com/open-edge-platform/cli/internal/cli/utils.go:429.2,429.15 1 1
github.com/open-edge-platform/cli/internal/cli/utils.go:433.86,435.46 2 1
github.com/open-edge-platform/cli/internal/cli/utils.go:435.46,437.3 1 1
github.com/open-edge-platform/cli/internal/cli/utils.go:438.2,438.15 1 0
github.com/open-edge-platform/cli/internal/cli/utils.go:442.66,444.16 2 1
github.com/open-edge-platform/cli/internal/cli/utils.go:444.16,446.3 1 0
github.com/open-edge-platform/cli/internal/cli/utils.go:447.2,448.16 2 1
github.com/open-edge-platform/cli/internal/cli/utils.go:448.16,450.3 1 0
github.com/open-edge-platform/cli/internal/cli/utils.go:451.2,451.30 1 1
github.com/open-edge-platform/cli/internal/cli/utils.go:455.45,456.41 1 1
github.com/open-edge-platform/cli/internal/cli/utils.go:456.41,458.3 1 0
github.com/open-edge-platform/cli/internal/cli/utils.go:459.2,459.17 1 1
github.com/open-edge-platform/cli/internal/cli/utils.go:459.17,461.3 1 0
github.com/open-edge-platform/cli/internal/cli/utils.go:462.2,462.26 1 1
github.com/open-edge-platform/cli/internal/cli/utils.go:465.54,467.41 2 1
github.com/open-edge-platform/cli/internal/cli/utils.go:467.41,469.3 1 0
github.com/open-edge-platform/cli/internal/cli/utils.go:470.2,470.17 1 1
github.com/open-edge-platform/cli/internal/cli/utils.go:470.17,472.3 1 0
github.com/open-edge-platform/cli/internal/cli/utils.go:472.8,474.17 2 1
github.com/open-edge-platform/cli/internal/cli/utils.go:474.17,476.4 1 1
github.com/open-edge-platform/cli/internal/cli/utils.go:477.3,478.16 2 1
github.com/open-edge-platform/cli/internal/cli/utils.go:480.2,482.16 3 1
github.com/open-edge-platform/cli/internal/cli/utils.go:482.16,484.3 1 0
github.com/open-edge-platform/cli/internal/cli/utils.go:485.2,485.42 1 1
github.com/open-edge-platform/cli/internal/cli/utils.go:485.42,487.3 1 0
github.com/open-edge-platform/cli/internal/cli/utils.go:488.2,488.18 1 1
github.com/open-edge-platform/cli/internal/cli/utils.go:493.80,494.21 1 1
github.com/open-edge-platform/cli/internal/cli/utils.go:494.21,496.3 1 1
github.com/open-edge-platform/cli/internal/cli/utils.go:497.2,497.12 1 0
github.com/open-edge-platform/cli/internal/cli/utils.go:502.101,503.25 1 1
github.com/open-edge-platform/cli/internal/cli/utils.go:503.25,505.3 1 0
github.com/open-edge-platform/cli/internal/cli/utils.go:505.8,505.78 1 1
github.com/open-edge-platform/cli/internal/cli/utils.go:505.78,512.20 3 1
github.com/open-edge-platform/cli/internal/cli/utils.go:512.20,513.94 1 1
github.com/open-edge-platform/cli/internal/cli/utils.go:513.94,515.5 1 1
github.com/open-edge-platform/cli/internal/cli/utils.go:515.10,518.5 1 0
github.com/open-edge-platform/cli/internal/cli/utils.go:521.3,521.23 1 1
github.com/open-edge-platform/cli/internal/cli/utils.go:521.23,522.25 1 1
github.com/open-edge-platform/cli/internal/cli/utils.go:522.25,524.5 1 1
github.com/open-edge-platform/cli/internal/cli/utils.go:525.4,525.57 1 1
github.com/open-edge-platform/cli/internal/cli/utils.go:528.3,528.24 1 0
github.com/open-edge-platform/cli/internal/cli/utils.go:528.24,530.4 1 0
github.com/open-edge-platform/cli/internal/cli/utils.go:531.3,531.43 1 0
github.com/open-edge-platform/cli/internal/cli/utils.go:533.2,533.12 1 1
github.com/open-edge-platform/cli/internal/cli/utils.go:546.71,547.21 1 1
github.com/open-edge-platform/cli/internal/cli/utils.go:547.21,549.3 1 0
github.com/open-edge-platform/cli/internal/cli/utils.go:550.2,550.50 1 1
github.com/open-edge-platform/cli/internal/cli/utils.go:550.50,552.72 2 1
github.com/open-edge-platform/cli/internal/cli/utils.go:552.72,554.42 1 1
github.com/open-edge-platform/cli/internal/cli/utils.go:554.42,555.49 1 1
github.com/open-edge-platform/cli/internal/cli/utils.go:555.49,557.6 1 1
github.com/open-edge-platform/cli/internal/cli/utils.go:561.4,561.28 1 1
github.com/open-edge-platform/cli/internal/cli/utils.go:561.28,563.5 1 1
github.com/open-edge-platform/cli/internal/cli/utils.go:566.2,566.83 1 1
github.com/open-edge-platform/cli/internal/cli/utils.go:570.98,571.20 1 1
github.com/open-edge-platform/cli/internal/cli/utils.go:572.21,573.19 1 1
github.com/open-edge-platform/cli/internal/cli/utils.go:574.11,575.138 1 1
github.com/open-edge-platform/cli/internal/cli/utils.go:576.10,577.100 1 0
github.com/open-edge-platform/cli/internal/cli/utils.go:582.86,583.113 1 1
github.com/open-edge-platform/cli/internal/cli/utils.go:583.113,585.3 1 1
github.com/open-edge-platform/cli/internal/cli/utils.go:586.2,586.12 1 1
github.com/open-edge-platform/cli/internal/cli/utils.go:590.53,592.2 1 1
github.com/open-edge-platform/cli/internal/cli/utils.go:595.55,597.2 1 1
github.com/open-edge-platform/cli/internal/cli/utils.go:600.52,602.2 1 1
github.com/open-edge-platform/cli/internal/cli/utils.go:604.153,606.9 2 1
github.com/open-edge-platform/cli/internal/cli/utils.go:607.26,608.28 1 1
github.com/open-edge-platform/cli/internal/cli/utils.go:609.30,610.40 1 1
github.com/open-edge-platform/cli/internal/cli/utils.go:611.32,612.107 1 1
github.com/open-edge-platform/cli/internal/cli/utils.go:613.29,614.119 1 0
github.com/open-edge-platform/cli/internal/cli/utils.go:617.2,617.14 1 1
github.com/open-edge-platform/cli/internal/cli/utils.go:617.14,619.3 1 1
github.com/open-edge-platform/cli/internal/cli/utils.go:620.2,620.18 1 1
github.com/open-edge-platform/cli/internal/cli/utils.go:624.56,626.49 2 1
github.com/open-edge-platform/cli/internal/cli/utils.go:626.49,627.38 1 0
github.com/open-edge-platform/cli/internal/cli/utils.go:627.38,629.4 1 0
github.com/open-edge-platform/cli/internal/cli/utils.go:631.2,631.40 1 1
github.com/open-edge-platform/cli/internal/cli/utils.go:634.36,635.61 1 1
github.com/open-edge-platform/cli/internal/cli/utils.go:635.61,637.3 1 0
github.com/open-edge-platform/cli/internal/cli/utils.go:638.2,638.12 1 1
github.com/open-edge-platform/cli/internal/cli/utils.go:641.36,642.29 1 1
github.com/open-edge-platform/cli/internal/cli/utils.go:642.29,644.3 1 1
github.com/open-edge-platform/cli/internal/cli/utils.go:645.2,645.17 1 1
github.com/open-edge-platform/cli/internal/cli/utils.go:648.29,649.14 1 0
github.com/open-edge-platform/cli/internal/cli/utils.go:649.14,651.3 1 0
github.com/open-edge-platform/cli/internal/cli/utils.go:652.2,652.14 1 0
github.com/open-edge-platform/cli/internal/cli/utils.go:655.37,656.29 1 1
github.com/open-edge-platform/cli/internal/cli/utils.go:656.29,658.3 1 1
github.com/open-edge-platform/cli/internal/cli/utils.go:659.2,659.17 1 1
github.com/open-edge-platform/cli/internal/cli/utils.go:663.36,665.94 2 1
github.com/open-edge-platform/cli/internal/cli/utils.go:665.94,667.3 1 0
github.com/open-edge-platform/cli/internal/cli/utils.go:668.2,668.40 1 1
github.com/open-edge-platform/cli/internal/cli/utils.go:668.40,670.3 1 0
github.com/open-edge-platform/cli/internal/cli/utils.go:671.2,671.12 1 1
github.com/open-edge-platform/cli/internal/cli/utils.go:674.60,675.38 1 1
github.com/open-edge-platform/cli/internal/cli/utils.go:675.38,685.3 2 1
github.com/open-edge-platform/cli/internal/cli/utils.go:687.63,688.38 1 1
github.com/open-edge-platform/cli/internal/cli/utils.go:688.38,698.3 2 1
github.com/open-edge-platform/cli/internal/cli/utils.go:700.60,701.40 1 1
github.com/open-edge-platform/cli/internal/cli/utils.go:701.40,711.3 2 1
github.com/open-edge-platform/cli/internal/cli/utils.go:713.59,714.37 1 1
github.com/open-edge-platform/cli/internal/cli/utils.go:714.37,724.3 2 1
github.com/open-edge-platform/cli/internal/cli/utils.go:727.56,728.38 1 1
github.com/open-edge-platform/cli/internal/cli/utils.go:728.38,738.3 2 1
github.com/open-edge-platform/cli/internal/cli/utils.go:741.63,742.41 1 1
github.com/open-edge-platform/cli/internal/cli/utils.go:742.41,752.3 2 1
github.com/open-edge-platform/cli/internal/cli/utils.go:755.66,756.39 1 1
github.com/open-edge-platform/cli/internal/cli/utils.go:756.39,766.3 2 1
github.com/open-edge-platform/cli/internal/cli/utils.go:770.38,771.16 1 1
github.com/open-edge-platform/cli/internal/cli/utils.go:771.16,773.3 1 1
github.com/open-edge-platform/cli/internal/cli/utils.go:774.2,782.44 3 1
github.com/open-edge-platform/cli/internal/cli/utils.go:782.44,783.56 1 1
github.com/open-edge-platform/cli/internal/cli/utils.go:783.56,785.4 1 1
github.com/open-edge-platform/cli/internal/cli/utils.go:787.2,787.14 1 0
github.com/open-edge-platform/cli/internal/cli/utils.go:791.94,793.31 2 1
github.com/open-edge-platform/cli/internal/cli/utils.go:793.31,796.3 2 1
github.com/open-edge-platform/cli/internal/cli/utils.go:796.8,800.39 2 1
github.com/open-edge-platform/cli/internal/cli/utils.go:800.39,803.4 2 1
github.com/open-edge-platform/cli/internal/cli/utils.go:807.44,808.17 1 1
github.com/open-edge-platform/cli/internal/cli/utils.go:809.18,810.35 1 1
github.com/open-edge-platform/cli/internal/cli/utils.go:811.25,812.42 1 1
github.com/open-edge-platform/cli/internal/cli/utils.go:813.27,814.44 1 1
github.com/open-edge-platform/cli/internal/cli/utils.go:815.19,816.36 1 1
github.com/open-edge-platform/cli/internal/cli/utils.go:817.18,818.35 1 1
github.com/open-edge-platform/cli/internal/cli/utils.go:819.28,820.45 1 0
github.com/open-edge-platform/cli/internal/cli/utils.go:821.22,822.39 1 1
github.com/open-edge-platform/cli/internal/cli/utils.go:823.26,824.43 1 1
github.com/open-edge-platform/cli/internal/cli/utils.go:825.27,826.44 1 1
github.com/open-edge-platform/cli/internal/cli/utils.go:827.10,828.14 1 0
github.com/open-edge-platform/cli/internal/cli/utils.go:833.62,835.38 2 1
github.com/open-edge-platform/cli/internal/cli/utils.go:835.38,836.24 1 1
github.com/open-edge-platform/cli/internal/cli/utils.go:836.24,838.4 1 1
github.com/open-edge-platform/cli/internal/cli/utils.go:840.2,840.14 1 1
github.com/open-edge-platform/cli/internal/cli/utils.go:845.80,848.2 2 1
github.com/open-edge-platform/cli/internal/cli/utils.go:850.35,851.14 1 1
github.com/open-edge-platform/cli/internal/cli/utils.go:851.14,853.3 1 1
github.com/open-edge-platform/cli/internal/cli/utils.go:854.2,854.11 1 1
github.com/open-edge-platform/cli/internal/cli/utils.go:856.26,857.14 1 1
github.com/open-edge-platform/cli/internal/cli/utils.go:857.14,859.3 1 1
github.com/open-edge-platform/cli/internal/cli/utils.go:860.2,860.11 1 1
github.com/open-edge-platform/cli/internal/cli/version.go:16.38,20.50 1 1
github.com/open-edge-platform/cli/internal/cli/version.go:20.50,23.42 2 1
github.com/open-edge-platform/cli/internal/cli/version.go:23.42,25.5 1 1
github.com/open-edge-platform/cli/internal/cli/version.go:25.10,27.5 1 0
github.com/open-edge-platform/cli/internal/cli/version.go:28.4,28.14 1 1
github.com/open-edge-platform/cli/internal/cli/wipe.go:16.45,28.2 4 1
github.com/open-edge-platform/cli/internal/cli/wipe.go:30.66,32.16 2 1
github.com/open-edge-platform/cli/internal/cli/wipe.go:32.16,34.3 1 0
github.com/open-edge-platform/cli/internal/cli/wipe.go:35.2,38.10 3 1
github.com/open-edge-platform/cli/internal/cli/wipe.go:38.10,40.3 1 1
github.com/open-edge-platform/cli/internal/cli/wipe.go:42.2,43.29 2 1
github.com/open-edge-platform/cli/internal/cli/wipe.go:43.29,45.3 1 0
github.com/open-edge-platform/cli/internal/cli/wipe.go:46.2,46.12 1 1
github.com/open-edge-platform/cli/internal/cli/wipe.go:55.71,66.2 8 1
github.com/open-edge-platform/cli/internal/cli/wipe.go:74.93,77.16 3 1
github.com/open-edge-platform/cli/internal/cli/wipe.go:77.16,79.3 1 0
github.com/open-edge-platform/cli/internal/cli/wipe.go:80.2,80.40 1 1
github.com/open-edge-platform/cli/internal/cli/wipe.go:80.40,82.3 1 0
github.com/open-edge-platform/cli/internal/cli/wipe.go:84.2,84.54 1 1
github.com/open-edge-platform/cli/internal/cli/wipe.go:84.54,85.93 1 1
github.com/open-edge-platform/cli/internal/cli/wipe.go:85.93,87.4 1 0
github.com/open-edge-platform/cli/internal/cli/wipe.go:89.2,89.15 1 1
github.com/open-edge-platform/cli/internal/cli/wipe.go:92.119,94.16 2 1
github.com/open-edge-platform/cli/internal/cli/wipe.go:94.16,96.3 1 0
github.com/open-edge-platform/cli/internal/cli/wipe.go:97.2,97.41 1 1
github.com/open-edge-platform/cli/internal/cli/wipe.go:97.41,99.3 1 0
github.com/open-edge-platform/cli/internal/cli/wipe.go:102.2,110.140 8 1
github.com/open-edge-platform/cli/internal/cli/wipe.go:110.140,112.3 1 0
github.com/open-edge-platform/cli/internal/cli/wipe.go:113.2,113.12 1 1
github.com/open-edge-platform/cli/internal/cli/wipe.go:117.97,121.19 4 1
github.com/open-edge-platform/cli/internal/cli/wipe.go:121.19,123.41 2 1
github.com/open-edge-platform/cli/internal/cli/wipe.go:123.41,125.4 1 0
github.com/open-edge-platform/cli/internal/cli/wipe.go:127.3,127.17 1 1
github.com/open-edge-platform/cli/internal/cli/wipe.go:127.17,129.4 1 0
github.com/open-edge-platform/cli/internal/cli/wipe.go:130.3,132.49 2 1
github.com/open-edge-platform/cli/internal/cli/wipe.go:132.49,134.4 1 0
github.com/open-edge-platform/cli/internal/cli/wipe.go:135.3,135.49 1 1
github.com/open-edge-platform/cli/internal/cli/wipe.go:135.49,136.98 1 1
github.com/open-edge-platform/cli/internal/cli/wipe.go:136.98,138.5 1 0
github.com/open-edge-platform/cli/internal/cli/wipe.go:140.3,141.29 2 1
github.com/open-edge-platform/cli/internal/cli/wipe.go:143.2,143.15 1 1
github.com/open-edge-platform/cli/internal/cli/wipe.go:146.123,148.16 2 1
github.com/open-edge-platform/cli/internal/cli/wipe.go:148.16,150.3 1 0
github.com/open-edge-platform/cli/internal/cli/wipe.go:153.2,153.41 1 1
github.com/open-edge-platform/cli/internal/cli/wipe.go:153.41,155.3 1 0
github.com/open-edge-platform/cli/internal/cli/wipe.go:157.2,161.134 4 1
github.com/open-edge-platform/cli/internal/cli/wipe.go:161.134,163.3 1 0
github.com/open-edge-platform/cli/internal/cli/wipe.go:164.2,164.12 1 1
github.com/open-edge-platform/cli/internal/cli/wipe.go:167.79,170.16 3 1
github.com/open-edge-platform/cli/internal/cli/wipe.go:170.16,172.3 1 0
github.com/open-edge-platform/cli/internal/cli/wipe.go:173.2,173.40 1 1
github.com/open-edge-platform/cli/internal/cli/wipe.go:173.40,175.3 1 0
github.com/open-edge-platform/cli/internal/cli/wipe.go:177.2,177.54 1 1
github.com/open-edge-platform/cli/internal/cli/wipe.go:177.54,178.144 1 1
github.com/open-edge-platform/cli/internal/cli/wipe.go:178.144,180.4 1 0
github.com/open-edge-platform/cli/internal/cli/wipe.go:182.2,182.15 1 1
github.com/open-edge-platform/cli/internal/cli/wipe.go:185.83,188.16 3 1
github.com/open-edge-platform/cli/internal/cli/wipe.go:188.16,190.3 1 0
github.com/open-edge-platform/cli/internal/cli/wipe.go:191.2,191.40 1 1
github.com/open-edge-platform/cli/internal/cli/wipe.go:191.40,193.3 1 0
github.com/open-edge-platform/cli/internal/cli/wipe.go:195.2,195.48 1 1
github.com/open-edge-platform/cli/internal/cli/wipe.go:195.48,196.138 1 1
github.com/open-edge-platform/cli/internal/cli/wipe.go:196.138,198.4 1 0
github.com/open-edge-platform/cli/internal/cli/wipe.go:200.2,200.15 1 1
github.com/open-edge-platform/cli/internal/cli/wipe.go:203.80,206.16 3 1
github.com/open-edge-platform/cli/internal/cli/wipe.go:206.16,208.3 1 0
github.com/open-edge-platform/cli/internal/cli/wipe.go:209.2,209.40 1 1
github.com/open-edge-platform/cli/internal/cli/wipe.go:209.40,211.3 1 0
github.com/open-edge-platform/cli/internal/cli/wipe.go:213.2,213.50 1 1
github.com/open-edge-platform/cli/internal/cli/wipe.go:213.50,214.127 1 1
github.com/open-edge-platform/cli/internal/cli/wipe.go:214.127,216.4 1 0
github.com/open-edge-platform/cli/internal/cli/wipe.go:218.2,218.15 1 1
github.com/open-edge-platform/cli/internal/cli/wipe.go:221.81,224.16 3 1
github.com/open-edge-platform/cli/internal/cli/wipe.go:224.16,226.3 1 0
github.com/open-edge-platform/cli/internal/cli/wipe.go:227.2,227.40 1 1
github.com/open-edge-platform/cli/internal/cli/wipe.go:227.40,229.3 1 0
github.com/open-edge-platform/cli/internal/cli/wipe.go:231.2,231.51 1 1
github.com/open-edge-platform/cli/internal/cli/wipe.go:231.51,232.127 1 1
github.com/open-edge-platform/cli/internal/cli/wipe.go:232.127,234.4 1 0
github.com/open-edge-platform/cli/internal/cli/wipe.go:236.2,236.15 1 1
